<?xml version="1.0" encoding="UTF-8"?>
<testng-results ignored="3" total="7" passed="0" failed="0" skipped="4">
  <reporter-output>
  </reporter-output>
  <suite started-at="2025-04-24T18:55:49 IST" name="Suite" finished-at="2025-04-24T18:55:51 IST" duration-ms="1820">
    <groups>
      <group name="cucumber">
        <method signature="AbstractTestNGCucumberTests.runScenario(io.cucumber.testng.PickleWrapper,io.cucumber.testng.FeatureWrapper)[pri:0, instance:com.orangehrm.testcases.SearchUser@4b8d604b]" name="runScenario" class="io.cucumber.testng.AbstractTestNGCucumberTests"/>
        <method signature="AbstractTestNGCucumberTests.runScenario(io.cucumber.testng.PickleWrapper,io.cucumber.testng.FeatureWrapper)[pri:0, instance:com.orangehrm.testcases.TC001_SelectUser@1c742ed4]" name="runScenario" class="io.cucumber.testng.AbstractTestNGCucumberTests"/>
      </group> <!-- cucumber -->
    </groups>
    <test started-at="2025-04-24T18:55:49 IST" name="ParallelTests" finished-at="2025-04-24T18:55:51 IST" duration-ms="1820">
      <class name="com.orangehrm.testcases.TC001_SelectUser">
        <test-method is-config="true" signature="setValues()[pri:0, instance:com.orangehrm.testcases.TC001_SelectUser@1c742ed4]" started-at="2025-04-24T18:55:49 IST" name="setValues" finished-at="2025-04-24T18:55:49 IST" duration-ms="0" status="PASS">
          <reporter-output>
          </reporter-output>
        </test-method> <!-- setValues -->
        <test-method is-config="true" signature="setUpClass(org.testng.ITestContext)[pri:0, instance:com.orangehrm.testcases.TC001_SelectUser@1c742ed4]" started-at="2025-04-24T18:55:49 IST" name="setUpClass" finished-at="2025-04-24T18:55:49 IST" duration-ms="201" status="PASS">
          <params>
            <param index="0">
              <value>
                <![CDATA[org.testng.TestRunner@69637b10]]>
              </value>
            </param>
          </params>
          <reporter-output>
          </reporter-output>
        </test-method> <!-- setUpClass -->
        <test-method is-config="true" signature="startTestCase()[pri:0, instance:com.orangehrm.testcases.TC001_SelectUser@1c742ed4]" started-at="2025-04-24T18:55:49 IST" name="startTestCase" finished-at="2025-04-24T18:55:49 IST" duration-ms="7" status="PASS">
          <reporter-output>
          </reporter-output>
        </test-method> <!-- startTestCase -->
        <test-method is-config="true" signature="preCondition()[pri:0, instance:com.orangehrm.testcases.TC001_SelectUser@1c742ed4]" started-at="2025-04-24T18:55:49 IST" name="preCondition" finished-at="2025-04-24T18:55:50 IST" duration-ms="1261" status="FAIL">
          <exception class="java.lang.StackOverflowError">
            <full-stacktrace>
              <![CDATA[java.lang.StackOverflowError
at com.framework.selenium.api.base.SeleniumBase.takeSnap(SeleniumBase.java:903)
at com.framework.utils.Reporter.reportStep(Reporter.java:81)
at com.framework.utils.Reporter.reportStep(Reporter.java:107)
at com.framework.selenium.api.base.SeleniumBase.takeSnap(SeleniumBase.java:910)
at com.framework.utils.Reporter.reportStep(Reporter.java:81)
at com.framework.utils.Reporter.reportStep(Reporter.java:107)
at com.framework.selenium.api.base.SeleniumBase.takeSnap(SeleniumBase.java:910)
at com.framework.utils.Reporter.reportStep(Reporter.java:81)
at com.framework.utils.Reporter.reportStep(Reporter.java:107)
at com.framework.selenium.api.base.SeleniumBase.takeSnap(SeleniumBase.java:910)
at com.framework.utils.Reporter.reportStep(Reporter.java:81)
at com.framework.utils.Reporter.reportStep(Reporter.java:107)
at com.framework.selenium.api.base.SeleniumBase.takeSnap(SeleniumBase.java:910)
at com.framework.utils.Reporter.reportStep(Reporter.java:81)
at com.framework.utils.Reporter.reportStep(Reporter.java:107)
at com.framework.selenium.api.base.SeleniumBase.takeSnap(SeleniumBase.java:910)
at com.framework.utils.Reporter.reportStep(Reporter.java:81)
at com.framework.utils.Reporter.reportStep(Reporter.java:107)
at com.framework.selenium.api.base.SeleniumBase.takeSnap(SeleniumBase.java:910)
at com.framework.utils.Reporter.reportStep(Reporter.java:81)
at com.framework.utils.Reporter.reportStep(Reporter.java:107)
at com.framework.selenium.api.base.SeleniumBase.takeSnap(SeleniumBase.java:910)
at com.framework.utils.Reporter.reportStep(Reporter.java:81)
at com.framework.utils.Reporter.reportStep(Reporter.java:107)
at com.framework.selenium.api.base.SeleniumBase.takeSnap(SeleniumBase.java:910)
at com.framework.utils.Reporter.reportStep(Reporter.java:81)
at com.framework.utils.Reporter.reportStep(Reporter.java:107)
at com.framework.selenium.api.base.SeleniumBase.takeSnap(SeleniumBase.java:910)
at com.framework.utils.Reporter.reportStep(Reporter.java:81)
at com.framework.utils.Reporter.reportStep(Reporter.java:107)
at com.framework.selenium.api.base.SeleniumBase.takeSnap(SeleniumBase.java:910)
at com.framework.utils.Reporter.reportStep(Reporter.java:81)
at com.framework.utils.Reporter.reportStep(Reporter.java:107)
at com.framework.selenium.api.base.SeleniumBase.takeSnap(SeleniumBase.java:910)
at com.framework.utils.Reporter.reportStep(Reporter.java:81)
at com.framework.utils.Reporter.reportStep(Reporter.java:107)
at com.framework.selenium.api.base.SeleniumBase.takeSnap(SeleniumBase.java:910)
at com.framework.utils.Reporter.reportStep(Reporter.java:81)
at com.framework.utils.Reporter.reportStep(Reporter.java:107)
at com.framework.selenium.api.base.SeleniumBase.takeSnap(SeleniumBase.java:910)
at com.framework.utils.Reporter.reportStep(Reporter.java:81)
at com.framework.utils.Reporter.reportStep(Reporter.java:107)
at com.framework.selenium.api.base.SeleniumBase.takeSnap(SeleniumBase.java:910)
at com.framework.utils.Reporter.reportStep(Reporter.java:81)
at com.framework.utils.Reporter.reportStep(Reporter.java:107)
at com.framework.selenium.api.base.SeleniumBase.takeSnap(SeleniumBase.java:910)
at com.framework.utils.Reporter.reportStep(Reporter.java:81)
at com.framework.utils.Reporter.reportStep(Reporter.java:107)
at com.framework.selenium.api.base.SeleniumBase.takeSnap(SeleniumBase.java:910)
at com.framework.utils.Reporter.reportStep(Reporter.java:81)
at com.framework.utils.Reporter.reportStep(Reporter.java:107)
at com.framework.selenium.api.base.SeleniumBase.takeSnap(SeleniumBase.java:910)
at com.framework.utils.Reporter.reportStep(Reporter.java:81)
at com.framework.utils.Reporter.reportStep(Reporter.java:107)
at com.framework.selenium.api.base.SeleniumBase.takeSnap(SeleniumBase.java:910)
at com.framework.utils.Reporter.reportStep(Reporter.java:81)
at com.framework.utils.Reporter.reportStep(Reporter.java:107)
at com.framework.selenium.api.base.SeleniumBase.takeSnap(SeleniumBase.java:910)
at com.framework.utils.Reporter.reportStep(Reporter.java:81)
at com.framework.utils.Reporter.reportStep(Reporter.java:107)
at com.framework.selenium.api.base.SeleniumBase.takeSnap(SeleniumBase.java:910)
at com.framework.utils.Reporter.reportStep(Reporter.java:81)
at com.framework.utils.Reporter.reportStep(Reporter.java:107)
at com.framework.selenium.api.base.SeleniumBase.takeSnap(SeleniumBase.java:910)
at com.framework.utils.Reporter.reportStep(Reporter.java:81)
at com.framework.utils.Reporter.reportStep(Reporter.java:107)
at com.framework.selenium.api.base.SeleniumBase.takeSnap(SeleniumBase.java:910)
at com.framework.utils.Reporter.reportStep(Reporter.java:81)
at com.framework.utils.Reporter.reportStep(Reporter.java:107)
at com.framework.selenium.api.base.SeleniumBase.takeSnap(SeleniumBase.java:910)
at com.framework.utils.Reporter.reportStep(Reporter.java:81)
at com.framework.utils.Reporter.reportStep(Reporter.java:107)
at com.framework.selenium.api.base.SeleniumBase.takeSnap(SeleniumBase.java:910)
at com.framework.utils.Reporter.reportStep(Reporter.java:81)
at com.framework.utils.Reporter.reportStep(Reporter.java:107)
at com.framework.selenium.api.base.SeleniumBase.takeSnap(SeleniumBase.java:910)
at com.framework.utils.Reporter.reportStep(Reporter.java:81)
at com.framework.utils.Reporter.reportStep(Reporter.java:107)
at com.framework.selenium.api.base.SeleniumBase.takeSnap(SeleniumBase.java:910)
at com.framework.utils.Reporter.reportStep(Reporter.java:81)
at com.framework.utils.Reporter.reportStep(Reporter.java:107)
at com.framework.selenium.api.base.SeleniumBase.takeSnap(SeleniumBase.java:910)
at com.framework.utils.Reporter.reportStep(Reporter.java:81)
at com.framework.utils.Reporter.reportStep(Reporter.java:107)
at com.framework.selenium.api.base.SeleniumBase.takeSnap(SeleniumBase.java:910)
at com.framework.utils.Reporter.reportStep(Reporter.java:81)
at com.framework.utils.Reporter.reportStep(Reporter.java:107)
at com.framework.selenium.api.base.SeleniumBase.takeSnap(SeleniumBase.java:910)
at com.framework.utils.Reporter.reportStep(Reporter.java:81)
at com.framework.utils.Reporter.reportStep(Reporter.java:107)
at com.framework.selenium.api.base.SeleniumBase.takeSnap(SeleniumBase.java:910)
at com.framework.utils.Reporter.reportStep(Reporter.java:81)
at com.framework.utils.Reporter.reportStep(Reporter.java:107)
at com.framework.selenium.api.base.SeleniumBase.takeSnap(SeleniumBase.java:910)
at com.framework.utils.Reporter.reportStep(Reporter.java:81)
at com.framework.utils.Reporter.reportStep(Reporter.java:107)
at com.framework.selenium.api.base.SeleniumBase.takeSnap(SeleniumBase.java:910)
at com.framework.utils.Reporter.reportStep(Reporter.java:81)
at com.framework.utils.Reporter.reportStep(Reporter.java:107)
at com.framework.selenium.api.base.SeleniumBase.takeSnap(SeleniumBase.java:910)
at com.framework.utils.Reporter.reportStep(Reporter.java:81)
at com.framework.utils.Reporter.reportStep(Reporter.java:107)
at com.framework.selenium.api.base.SeleniumBase.takeSnap(SeleniumBase.java:910)
at com.framework.utils.Reporter.reportStep(Reporter.java:81)
at com.framework.utils.Reporter.reportStep(Reporter.java:107)
at com.framework.selenium.api.base.SeleniumBase.takeSnap(SeleniumBase.java:910)
at com.framework.utils.Reporter.reportStep(Reporter.java:81)
at com.framework.utils.Reporter.reportStep(Reporter.java:107)
at com.framework.selenium.api.base.SeleniumBase.takeSnap(SeleniumBase.java:910)
at com.framework.utils.Reporter.reportStep(Reporter.java:81)
at com.framework.utils.Reporter.reportStep(Reporter.java:107)
at com.framework.selenium.api.base.SeleniumBase.takeSnap(SeleniumBase.java:910)
at com.framework.utils.Reporter.reportStep(Reporter.java:81)
at com.framework.utils.Reporter.reportStep(Reporter.java:107)
at com.framework.selenium.api.base.SeleniumBase.takeSnap(SeleniumBase.java:910)
at com.framework.utils.Reporter.reportStep(Reporter.java:81)
at com.framework.utils.Reporter.reportStep(Reporter.java:107)
at com.framework.selenium.api.base.SeleniumBase.takeSnap(SeleniumBase.java:910)
at com.framework.utils.Reporter.reportStep(Reporter.java:81)
at com.framework.utils.Reporter.reportStep(Reporter.java:107)
at com.framework.selenium.api.base.SeleniumBase.takeSnap(SeleniumBase.java:910)
at com.framework.utils.Reporter.reportStep(Reporter.java:81)
at com.framework.utils.Reporter.reportStep(Reporter.java:107)
at com.framework.selenium.api.base.SeleniumBase.takeSnap(SeleniumBase.java:910)
at com.framework.utils.Reporter.reportStep(Reporter.java:81)
at com.framework.utils.Reporter.reportStep(Reporter.java:107)
at com.framework.selenium.api.base.SeleniumBase.takeSnap(SeleniumBase.java:910)
at com.framework.utils.Reporter.reportStep(Reporter.java:81)
at com.framework.utils.Reporter.reportStep(Reporter.java:107)
at com.framework.selenium.api.base.SeleniumBase.takeSnap(SeleniumBase.java:910)
at com.framework.utils.Reporter.reportStep(Reporter.java:81)
at com.framework.utils.Reporter.reportStep(Reporter.java:107)
at com.framework.selenium.api.base.SeleniumBase.takeSnap(SeleniumBase.java:910)
at com.framework.utils.Reporter.reportStep(Reporter.java:81)
at com.framework.utils.Reporter.reportStep(Reporter.java:107)
at com.framework.selenium.api.base.SeleniumBase.takeSnap(SeleniumBase.java:910)
at com.framework.utils.Reporter.reportStep(Reporter.java:81)
at com.framework.utils.Reporter.reportStep(Reporter.java:107)
at com.framework.selenium.api.base.SeleniumBase.takeSnap(SeleniumBase.java:910)
at com.framework.utils.Reporter.reportStep(Reporter.java:81)
at com.framework.utils.Reporter.reportStep(Reporter.java:107)
at com.framework.selenium.api.base.SeleniumBase.takeSnap(SeleniumBase.java:910)
at com.framework.utils.Reporter.reportStep(Reporter.java:81)
at com.framework.utils.Reporter.reportStep(Reporter.java:107)
at com.framework.selenium.api.base.SeleniumBase.takeSnap(SeleniumBase.java:910)
at com.framework.utils.Reporter.reportStep(Reporter.java:81)
at com.framework.utils.Reporter.reportStep(Reporter.java:107)
at com.framework.selenium.api.base.SeleniumBase.takeSnap(SeleniumBase.java:910)
at com.framework.utils.Reporter.reportStep(Reporter.java:81)
at com.framework.utils.Reporter.reportStep(Reporter.java:107)
at com.framework.selenium.api.base.SeleniumBase.takeSnap(SeleniumBase.java:910)
at com.framework.utils.Reporter.reportStep(Reporter.java:81)
at com.framework.utils.Reporter.reportStep(Reporter.java:107)
at com.framework.selenium.api.base.SeleniumBase.takeSnap(SeleniumBase.java:910)
at com.framework.utils.Reporter.reportStep(Reporter.java:81)
at com.framework.utils.Reporter.reportStep(Reporter.java:107)
at com.framework.selenium.api.base.SeleniumBase.takeSnap(SeleniumBase.java:910)
at com.framework.utils.Reporter.reportStep(Reporter.java:81)
at com.framework.utils.Reporter.reportStep(Reporter.java:107)
at com.framework.selenium.api.base.SeleniumBase.takeSnap(SeleniumBase.java:910)
at com.framework.utils.Reporter.reportStep(Reporter.java:81)
at com.framework.utils.Reporter.reportStep(Reporter.java:107)
at com.framework.selenium.api.base.SeleniumBase.takeSnap(SeleniumBase.java:910)
at com.framework.utils.Reporter.reportStep(Reporter.java:81)
at com.framework.utils.Reporter.reportStep(Reporter.java:107)
at com.framework.selenium.api.base.SeleniumBase.takeSnap(SeleniumBase.java:910)
at com.framework.utils.Reporter.reportStep(Reporter.java:81)
at com.framework.utils.Reporter.reportStep(Reporter.java:107)
at com.framework.selenium.api.base.SeleniumBase.takeSnap(SeleniumBase.java:910)
at com.framework.utils.Reporter.reportStep(Reporter.java:81)
at com.framework.utils.Reporter.reportStep(Reporter.java:107)
at com.framework.selenium.api.base.SeleniumBase.takeSnap(SeleniumBase.java:910)
at com.framework.utils.Reporter.reportStep(Reporter.java:81)
at com.framework.utils.Reporter.reportStep(Reporter.java:107)
at com.framework.selenium.api.base.SeleniumBase.takeSnap(SeleniumBase.java:910)
at com.framework.utils.Reporter.reportStep(Reporter.java:81)
at com.framework.utils.Reporter.reportStep(Reporter.java:107)
at com.framework.selenium.api.base.SeleniumBase.takeSnap(SeleniumBase.java:910)
at com.framework.utils.Reporter.reportStep(Reporter.java:81)
at com.framework.utils.Reporter.reportStep(Reporter.java:107)
at com.framework.selenium.api.base.SeleniumBase.takeSnap(SeleniumBase.java:910)
at com.framework.utils.Reporter.reportStep(Reporter.java:81)
at com.framework.utils.Reporter.reportStep(Reporter.java:107)
at com.framework.selenium.api.base.SeleniumBase.takeSnap(SeleniumBase.java:910)
at com.framework.utils.Reporter.reportStep(Reporter.java:81)
at com.framework.utils.Reporter.reportStep(Reporter.java:107)
at com.framework.selenium.api.base.SeleniumBase.takeSnap(SeleniumBase.java:910)
at com.framework.utils.Reporter.reportStep(Reporter.java:81)
at com.framework.utils.Reporter.reportStep(Reporter.java:107)
at com.framework.selenium.api.base.SeleniumBase.takeSnap(SeleniumBase.java:910)
at com.framework.utils.Reporter.reportStep(Reporter.java:81)
at com.framework.utils.Reporter.reportStep(Reporter.java:107)
at com.framework.selenium.api.base.SeleniumBase.takeSnap(SeleniumBase.java:910)
at com.framework.utils.Reporter.reportStep(Reporter.java:81)
at com.framework.utils.Reporter.reportStep(Reporter.java:107)
at com.framework.selenium.api.base.SeleniumBase.takeSnap(SeleniumBase.java:910)
at com.framework.utils.Reporter.reportStep(Reporter.java:81)
at com.framework.utils.Reporter.reportStep(Reporter.java:107)
at com.framework.selenium.api.base.SeleniumBase.takeSnap(SeleniumBase.java:910)
at com.framework.utils.Reporter.reportStep(Reporter.java:81)
at com.framework.utils.Reporter.reportStep(Reporter.java:107)
at com.framework.selenium.api.base.SeleniumBase.takeSnap(SeleniumBase.java:910)
at com.framework.utils.Reporter.reportStep(Reporter.java:81)
at com.framework.utils.Reporter.reportStep(Reporter.java:107)
at com.framework.selenium.api.base.SeleniumBase.takeSnap(SeleniumBase.java:910)
at com.framework.utils.Reporter.reportStep(Reporter.java:81)
at com.framework.utils.Reporter.reportStep(Reporter.java:107)
at com.framework.selenium.api.base.SeleniumBase.takeSnap(SeleniumBase.java:910)
at com.framework.utils.Reporter.reportStep(Reporter.java:81)
at com.framework.utils.Reporter.reportStep(Reporter.java:107)
at com.framework.selenium.api.base.SeleniumBase.takeSnap(SeleniumBase.java:910)
at com.framework.utils.Reporter.reportStep(Reporter.java:81)
at com.framework.utils.Reporter.reportStep(Reporter.java:107)
at com.framework.selenium.api.base.SeleniumBase.takeSnap(SeleniumBase.java:910)
at com.framework.utils.Reporter.reportStep(Reporter.java:81)
at com.framework.utils.Reporter.reportStep(Reporter.java:107)
at com.framework.selenium.api.base.SeleniumBase.takeSnap(SeleniumBase.java:910)
at com.framework.utils.Reporter.reportStep(Reporter.java:81)
at com.framework.utils.Reporter.reportStep(Reporter.java:107)
at com.framework.selenium.api.base.SeleniumBase.takeSnap(SeleniumBase.java:910)
at com.framework.utils.Reporter.reportStep(Reporter.java:81)
at com.framework.utils.Reporter.reportStep(Reporter.java:107)
at com.framework.selenium.api.base.SeleniumBase.takeSnap(SeleniumBase.java:910)
at com.framework.utils.Reporter.reportStep(Reporter.java:81)
at com.framework.utils.Reporter.reportStep(Reporter.java:107)
at com.framework.selenium.api.base.SeleniumBase.takeSnap(SeleniumBase.java:910)
at com.framework.utils.Reporter.reportStep(Reporter.java:81)
at com.framework.utils.Reporter.reportStep(Reporter.java:107)
at com.framework.selenium.api.base.SeleniumBase.takeSnap(SeleniumBase.java:910)
at com.framework.utils.Reporter.reportStep(Reporter.java:81)
at com.framework.utils.Reporter.reportStep(Reporter.java:107)
at com.framework.selenium.api.base.SeleniumBase.takeSnap(SeleniumBase.java:910)
at com.framework.utils.Reporter.reportStep(Reporter.java:81)
at com.framework.utils.Reporter.reportStep(Reporter.java:107)
at com.framework.selenium.api.base.SeleniumBase.takeSnap(SeleniumBase.java:910)
at com.framework.utils.Reporter.reportStep(Reporter.java:81)
at com.framework.utils.Reporter.reportStep(Reporter.java:107)
at com.framework.selenium.api.base.SeleniumBase.takeSnap(SeleniumBase.java:910)
at com.framework.utils.Reporter.reportStep(Reporter.java:81)
at com.framework.utils.Reporter.reportStep(Reporter.java:107)
at com.framework.selenium.api.base.SeleniumBase.takeSnap(SeleniumBase.java:910)
at com.framework.utils.Reporter.reportStep(Reporter.java:81)
at com.framework.utils.Reporter.reportStep(Reporter.java:107)
at com.framework.selenium.api.base.SeleniumBase.takeSnap(SeleniumBase.java:910)
at com.framework.utils.Reporter.reportStep(Reporter.java:81)
at com.framework.utils.Reporter.reportStep(Reporter.java:107)
at com.framework.selenium.api.base.SeleniumBase.takeSnap(SeleniumBase.java:910)
at com.framework.utils.Reporter.reportStep(Reporter.java:81)
at com.framework.utils.Reporter.reportStep(Reporter.java:107)
at com.framework.selenium.api.base.SeleniumBase.takeSnap(SeleniumBase.java:910)
at com.framework.utils.Reporter.reportStep(Reporter.java:81)
at com.framework.utils.Reporter.reportStep(Reporter.java:107)
at com.framework.selenium.api.base.SeleniumBase.takeSnap(SeleniumBase.java:910)
at com.framework.utils.Reporter.reportStep(Reporter.java:81)
at com.framework.utils.Reporter.reportStep(Reporter.java:107)
at com.framework.selenium.api.base.SeleniumBase.takeSnap(SeleniumBase.java:910)
at com.framework.utils.Reporter.reportStep(Reporter.java:81)
at com.framework.utils.Reporter.reportStep(Reporter.java:107)
at com.framework.selenium.api.base.SeleniumBase.takeSnap(SeleniumBase.java:910)
at com.framework.utils.Reporter.reportStep(Reporter.java:81)
at com.framework.utils.Reporter.reportStep(Reporter.java:107)
at com.framework.selenium.api.base.SeleniumBase.takeSnap(SeleniumBase.java:910)
at com.framework.utils.Reporter.reportStep(Reporter.java:81)
at com.framework.utils.Reporter.reportStep(Reporter.java:107)
at com.framework.selenium.api.base.SeleniumBase.takeSnap(SeleniumBase.java:910)
at com.framework.utils.Reporter.reportStep(Reporter.java:81)
at com.framework.utils.Reporter.reportStep(Reporter.java:107)
at com.framework.selenium.api.base.SeleniumBase.takeSnap(SeleniumBase.java:910)
at com.framework.utils.Reporter.reportStep(Reporter.java:81)
at com.framework.utils.Reporter.reportStep(Reporter.java:107)
at com.framework.selenium.api.base.SeleniumBase.takeSnap(SeleniumBase.java:910)
at com.framework.utils.Reporter.reportStep(Reporter.java:81)
at com.framework.utils.Reporter.reportStep(Reporter.java:107)
at com.framework.selenium.api.base.SeleniumBase.takeSnap(SeleniumBase.java:910)
at com.framework.utils.Reporter.reportStep(Reporter.java:81)
at com.framework.utils.Reporter.reportStep(Reporter.java:107)
at com.framework.selenium.api.base.SeleniumBase.takeSnap(SeleniumBase.java:910)
at com.framework.utils.Reporter.reportStep(Reporter.java:81)
at com.framework.utils.Reporter.reportStep(Reporter.java:107)
at com.framework.selenium.api.base.SeleniumBase.takeSnap(SeleniumBase.java:910)
at com.framework.utils.Reporter.reportStep(Reporter.java:81)
at com.framework.utils.Reporter.reportStep(Reporter.java:107)
at com.framework.selenium.api.base.SeleniumBase.takeSnap(SeleniumBase.java:910)
at com.framework.utils.Reporter.reportStep(Reporter.java:81)
at com.framework.utils.Reporter.reportStep(Reporter.java:107)
at com.framework.selenium.api.base.SeleniumBase.takeSnap(SeleniumBase.java:910)
at com.framework.utils.Reporter.reportStep(Reporter.java:81)
at com.framework.utils.Reporter.reportStep(Reporter.java:107)
at com.framework.selenium.api.base.SeleniumBase.takeSnap(SeleniumBase.java:910)
at com.framework.utils.Reporter.reportStep(Reporter.java:81)
at com.framework.utils.Reporter.reportStep(Reporter.java:107)
at com.framework.selenium.api.base.SeleniumBase.takeSnap(SeleniumBase.java:910)
at com.framework.utils.Reporter.reportStep(Reporter.java:81)
at com.framework.utils.Reporter.reportStep(Reporter.java:107)
at com.framework.selenium.api.base.SeleniumBase.takeSnap(SeleniumBase.java:910)
at com.framework.utils.Reporter.reportStep(Reporter.java:81)
at com.framework.utils.Reporter.reportStep(Reporter.java:107)
at com.framework.selenium.api.base.SeleniumBase.takeSnap(SeleniumBase.java:910)
at com.framework.utils.Reporter.reportStep(Reporter.java:81)
at com.framework.utils.Reporter.reportStep(Reporter.java:107)
at com.framework.selenium.api.base.SeleniumBase.takeSnap(SeleniumBase.java:910)
at com.framework.utils.Reporter.reportStep(Reporter.java:81)
at com.framework.utils.Reporter.reportStep(Reporter.java:107)
at com.framework.selenium.api.base.SeleniumBase.takeSnap(SeleniumBase.java:910)
at com.framework.utils.Reporter.reportStep(Reporter.java:81)
at com.framework.utils.Reporter.reportStep(Reporter.java:107)
at com.framework.selenium.api.base.SeleniumBase.takeSnap(SeleniumBase.java:910)
at com.framework.utils.Reporter.reportStep(Reporter.java:81)
at com.framework.utils.Reporter.reportStep(Reporter.java:107)
at com.framework.selenium.api.base.SeleniumBase.takeSnap(SeleniumBase.java:910)
at com.framework.utils.Reporter.reportStep(Reporter.java:81)
at com.framework.utils.Reporter.reportStep(Reporter.java:107)
at com.framework.selenium.api.base.SeleniumBase.takeSnap(SeleniumBase.java:910)
at com.framework.utils.Reporter.reportStep(Reporter.java:81)
at com.framework.utils.Reporter.reportStep(Reporter.java:107)
at com.framework.selenium.api.base.SeleniumBase.takeSnap(SeleniumBase.java:910)
at com.framework.utils.Reporter.reportStep(Reporter.java:81)
at com.framework.utils.Reporter.reportStep(Reporter.java:107)
at com.framework.selenium.api.base.SeleniumBase.takeSnap(SeleniumBase.java:910)
at com.framework.utils.Reporter.reportStep(Reporter.java:81)
at com.framework.utils.Reporter.reportStep(Reporter.java:107)
at com.framework.selenium.api.base.SeleniumBase.takeSnap(SeleniumBase.java:910)
at com.framework.utils.Reporter.reportStep(Reporter.java:81)
at com.framework.utils.Reporter.reportStep(Reporter.java:107)
at com.framework.selenium.api.base.SeleniumBase.takeSnap(SeleniumBase.java:910)
at com.framework.utils.Reporter.reportStep(Reporter.java:81)
at com.framework.utils.Reporter.reportStep(Reporter.java:107)
at com.framework.selenium.api.base.SeleniumBase.takeSnap(SeleniumBase.java:910)
at com.framework.utils.Reporter.reportStep(Reporter.java:81)
at com.framework.utils.Reporter.reportStep(Reporter.java:107)
at com.framework.selenium.api.base.SeleniumBase.takeSnap(SeleniumBase.java:910)
at com.framework.utils.Reporter.reportStep(Reporter.java:81)
at com.framework.utils.Reporter.reportStep(Reporter.java:107)
at com.framework.selenium.api.base.SeleniumBase.takeSnap(SeleniumBase.java:910)
at com.framework.utils.Reporter.reportStep(Reporter.java:81)
at com.framework.utils.Reporter.reportStep(Reporter.java:107)
at com.framework.selenium.api.base.SeleniumBase.takeSnap(SeleniumBase.java:910)
at com.framework.utils.Reporter.reportStep(Reporter.java:81)
at com.framework.utils.Reporter.reportStep(Reporter.java:107)
at com.framework.selenium.api.base.SeleniumBase.takeSnap(SeleniumBase.java:910)
at com.framework.utils.Reporter.reportStep(Reporter.java:81)
at com.framework.utils.Reporter.reportStep(Reporter.java:107)
at com.framework.selenium.api.base.SeleniumBase.takeSnap(SeleniumBase.java:910)
at com.framework.utils.Reporter.reportStep(Reporter.java:81)
at com.framework.utils.Reporter.reportStep(Reporter.java:107)
at com.framework.selenium.api.base.SeleniumBase.takeSnap(SeleniumBase.java:910)
at com.framework.utils.Reporter.reportStep(Reporter.java:81)
at com.framework.utils.Reporter.reportStep(Reporter.java:107)
at com.framework.selenium.api.base.SeleniumBase.takeSnap(SeleniumBase.java:910)
at com.framework.utils.Reporter.reportStep(Reporter.java:81)
at com.framework.utils.Reporter.reportStep(Reporter.java:107)
at com.framework.selenium.api.base.SeleniumBase.takeSnap(SeleniumBase.java:910)
at com.framework.utils.Reporter.reportStep(Reporter.java:81)
at com.framework.utils.Reporter.reportStep(Reporter.java:107)
at com.framework.selenium.api.base.SeleniumBase.takeSnap(SeleniumBase.java:910)
at com.framework.utils.Reporter.reportStep(Reporter.java:81)
at com.framework.utils.Reporter.reportStep(Reporter.java:107)
at com.framework.selenium.api.base.SeleniumBase.takeSnap(SeleniumBase.java:910)
at com.framework.utils.Reporter.reportStep(Reporter.java:81)
at com.framework.utils.Reporter.reportStep(Reporter.java:107)
at com.framework.selenium.api.base.SeleniumBase.takeSnap(SeleniumBase.java:910)
at com.framework.utils.Reporter.reportStep(Reporter.java:81)
at com.framework.utils.Reporter.reportStep(Reporter.java:107)
at com.framework.selenium.api.base.SeleniumBase.takeSnap(SeleniumBase.java:910)
at com.framework.utils.Reporter.reportStep(Reporter.java:81)
at com.framework.utils.Reporter.reportStep(Reporter.java:107)
at com.framework.selenium.api.base.SeleniumBase.takeSnap(SeleniumBase.java:910)
at com.framework.utils.Reporter.reportStep(Reporter.java:81)
at com.framework.utils.Reporter.reportStep(Reporter.java:107)
at com.framework.selenium.api.base.SeleniumBase.takeSnap(SeleniumBase.java:910)
at com.framework.utils.Reporter.reportStep(Reporter.java:81)
at com.framework.utils.Reporter.reportStep(Reporter.java:107)
at com.framework.selenium.api.base.SeleniumBase.takeSnap(SeleniumBase.java:910)
at com.framework.utils.Reporter.reportStep(Reporter.java:81)
at com.framework.utils.Reporter.reportStep(Reporter.java:107)
at com.framework.selenium.api.base.SeleniumBase.takeSnap(SeleniumBase.java:910)
at com.framework.utils.Reporter.reportStep(Reporter.java:81)
at com.framework.utils.Reporter.reportStep(Reporter.java:107)
at com.framework.selenium.api.base.SeleniumBase.takeSnap(SeleniumBase.java:910)
at com.framework.utils.Reporter.reportStep(Reporter.java:81)
at com.framework.utils.Reporter.reportStep(Reporter.java:107)
at com.framework.selenium.api.base.SeleniumBase.takeSnap(SeleniumBase.java:910)
at com.framework.utils.Reporter.reportStep(Reporter.java:81)
at com.framework.utils.Reporter.reportStep(Reporter.java:107)
at com.framework.selenium.api.base.SeleniumBase.takeSnap(SeleniumBase.java:910)
at com.framework.utils.Reporter.reportStep(Reporter.java:81)
at com.framework.utils.Reporter.reportStep(Reporter.java:107)
at com.framework.selenium.api.base.SeleniumBase.takeSnap(SeleniumBase.java:910)
at com.framework.utils.Reporter.reportStep(Reporter.java:81)
at com.framework.utils.Reporter.reportStep(Reporter.java:107)
at com.framework.selenium.api.base.SeleniumBase.takeSnap(SeleniumBase.java:910)
at com.framework.utils.Reporter.reportStep(Reporter.java:81)
at com.framework.utils.Reporter.reportStep(Reporter.java:107)
at com.framework.selenium.api.base.SeleniumBase.takeSnap(SeleniumBase.java:910)
at com.framework.utils.Reporter.reportStep(Reporter.java:81)
at com.framework.utils.Reporter.reportStep(Reporter.java:107)
at com.framework.selenium.api.base.SeleniumBase.takeSnap(SeleniumBase.java:910)
at com.framework.utils.Reporter.reportStep(Reporter.java:81)
at com.framework.utils.Reporter.reportStep(Reporter.java:107)
at com.framework.selenium.api.base.SeleniumBase.takeSnap(SeleniumBase.java:910)
at com.framework.utils.Reporter.reportStep(Reporter.java:81)
at com.framework.utils.Reporter.reportStep(Reporter.java:107)
at com.framework.selenium.api.base.SeleniumBase.takeSnap(SeleniumBase.java:910)
at com.framework.utils.Reporter.reportStep(Reporter.java:81)
at com.framework.utils.Reporter.reportStep(Reporter.java:107)
at com.framework.selenium.api.base.SeleniumBase.takeSnap(SeleniumBase.java:910)
at com.framework.utils.Reporter.reportStep(Reporter.java:81)
at com.framework.utils.Reporter.reportStep(Reporter.java:107)
at com.framework.selenium.api.base.SeleniumBase.takeSnap(SeleniumBase.java:910)
at com.framework.utils.Reporter.reportStep(Reporter.java:81)
at com.framework.utils.Reporter.reportStep(Reporter.java:107)
at com.framework.selenium.api.base.SeleniumBase.takeSnap(SeleniumBase.java:910)
at com.framework.utils.Reporter.reportStep(Reporter.java:81)
at com.framework.utils.Reporter.reportStep(Reporter.java:107)
at com.framework.selenium.api.base.SeleniumBase.takeSnap(SeleniumBase.java:910)
at com.framework.utils.Reporter.reportStep(Reporter.java:81)
at com.framework.utils.Reporter.reportStep(Reporter.java:107)
at com.framework.selenium.api.base.SeleniumBase.takeSnap(SeleniumBase.java:910)
at com.framework.utils.Reporter.reportStep(Reporter.java:81)
at com.framework.utils.Reporter.reportStep(Reporter.java:107)
at com.framework.selenium.api.base.SeleniumBase.takeSnap(SeleniumBase.java:910)
at com.framework.utils.Reporter.reportStep(Reporter.java:81)
at com.framework.utils.Reporter.reportStep(Reporter.java:107)
at com.framework.selenium.api.base.SeleniumBase.takeSnap(SeleniumBase.java:910)
at com.framework.utils.Reporter.reportStep(Reporter.java:81)
at com.framework.utils.Reporter.reportStep(Reporter.java:107)
at com.framework.selenium.api.base.SeleniumBase.takeSnap(SeleniumBase.java:910)
at com.framework.utils.Reporter.reportStep(Reporter.java:81)
at com.framework.utils.Reporter.reportStep(Reporter.java:107)
at com.framework.selenium.api.base.SeleniumBase.takeSnap(SeleniumBase.java:910)
at com.framework.utils.Reporter.reportStep(Reporter.java:81)
at com.framework.utils.Reporter.reportStep(Reporter.java:107)
at com.framework.selenium.api.base.SeleniumBase.takeSnap(SeleniumBase.java:910)
at com.framework.utils.Reporter.reportStep(Reporter.java:81)
at com.framework.utils.Reporter.reportStep(Reporter.java:107)
at com.framework.selenium.api.base.SeleniumBase.takeSnap(SeleniumBase.java:910)
at com.framework.utils.Reporter.reportStep(Reporter.java:81)
at com.framework.utils.Reporter.reportStep(Reporter.java:107)
at com.framework.selenium.api.base.SeleniumBase.takeSnap(SeleniumBase.java:910)
at com.framework.utils.Reporter.reportStep(Reporter.java:81)
at com.framework.utils.Reporter.reportStep(Reporter.java:107)
at com.framework.selenium.api.base.SeleniumBase.takeSnap(SeleniumBase.java:910)
at com.framework.utils.Reporter.reportStep(Reporter.java:81)
at com.framework.utils.Reporter.reportStep(Reporter.java:107)
at com.framework.selenium.api.base.SeleniumBase.takeSnap(SeleniumBase.java:910)
at com.framework.utils.Reporter.reportStep(Reporter.java:81)
at com.framework.utils.Reporter.reportStep(Reporter.java:107)
at com.framework.selenium.api.base.SeleniumBase.takeSnap(SeleniumBase.java:910)
at com.framework.utils.Reporter.reportStep(Reporter.java:81)
at com.framework.utils.Reporter.reportStep(Reporter.java:107)
at com.framework.selenium.api.base.SeleniumBase.takeSnap(SeleniumBase.java:910)
at com.framework.utils.Reporter.reportStep(Reporter.java:81)
at com.framework.utils.Reporter.reportStep(Reporter.java:107)
at com.framework.selenium.api.base.SeleniumBase.takeSnap(SeleniumBase.java:910)
at com.framework.utils.Reporter.reportStep(Reporter.java:81)
at com.framework.utils.Reporter.reportStep(Reporter.java:107)
at com.framework.selenium.api.base.SeleniumBase.takeSnap(SeleniumBase.java:910)
at com.framework.utils.Reporter.reportStep(Reporter.java:81)
at com.framework.utils.Reporter.reportStep(Reporter.java:107)
at com.framework.selenium.api.base.SeleniumBase.takeSnap(SeleniumBase.java:910)
at com.framework.utils.Reporter.reportStep(Reporter.java:81)
at com.framework.utils.Reporter.reportStep(Reporter.java:107)
at com.framework.selenium.api.base.SeleniumBase.takeSnap(SeleniumBase.java:910)
at com.framework.utils.Reporter.reportStep(Reporter.java:81)
at com.framework.utils.Reporter.reportStep(Reporter.java:107)
at com.framework.selenium.api.base.SeleniumBase.takeSnap(SeleniumBase.java:910)
at com.framework.utils.Reporter.reportStep(Reporter.java:81)
at com.framework.utils.Reporter.reportStep(Reporter.java:107)
at com.framework.selenium.api.base.SeleniumBase.takeSnap(SeleniumBase.java:910)
at com.framework.utils.Reporter.reportStep(Reporter.java:81)
at com.framework.utils.Reporter.reportStep(Reporter.java:107)
at com.framework.selenium.api.base.SeleniumBase.takeSnap(SeleniumBase.java:910)
at com.framework.utils.Reporter.reportStep(Reporter.java:81)
at com.framework.utils.Reporter.reportStep(Reporter.java:107)
at com.framework.selenium.api.base.SeleniumBase.takeSnap(SeleniumBase.java:910)
at com.framework.utils.Reporter.reportStep(Reporter.java:81)
at com.framework.utils.Reporter.reportStep(Reporter.java:107)
at com.framework.selenium.api.base.SeleniumBase.takeSnap(SeleniumBase.java:910)
at com.framework.utils.Reporter.reportStep(Reporter.java:81)
at com.framework.utils.Reporter.reportStep(Reporter.java:107)
at com.framework.selenium.api.base.SeleniumBase.takeSnap(SeleniumBase.java:910)
at com.framework.utils.Reporter.reportStep(Reporter.java:81)
at com.framework.utils.Reporter.reportStep(Reporter.java:107)
at com.framework.selenium.api.base.SeleniumBase.takeSnap(SeleniumBase.java:910)
at com.framework.utils.Reporter.reportStep(Reporter.java:81)
at com.framework.utils.Reporter.reportStep(Reporter.java:107)
at com.framework.selenium.api.base.SeleniumBase.takeSnap(SeleniumBase.java:910)
at com.framework.utils.Reporter.reportStep(Reporter.java:81)
at com.framework.utils.Reporter.reportStep(Reporter.java:107)
at com.framework.selenium.api.base.SeleniumBase.takeSnap(SeleniumBase.java:910)
at com.framework.utils.Reporter.reportStep(Reporter.java:81)
at com.framework.utils.Reporter.reportStep(Reporter.java:107)
at com.framework.selenium.api.base.SeleniumBase.takeSnap(SeleniumBase.java:910)
at com.framework.utils.Reporter.reportStep(Reporter.java:81)
at com.framework.utils.Reporter.reportStep(Reporter.java:107)
at com.framework.selenium.api.base.SeleniumBase.takeSnap(SeleniumBase.java:910)
at com.framework.utils.Reporter.reportStep(Reporter.java:81)
at com.framework.utils.Reporter.reportStep(Reporter.java:107)
at com.framework.selenium.api.base.SeleniumBase.takeSnap(SeleniumBase.java:910)
at com.framework.utils.Reporter.reportStep(Reporter.java:81)
at com.framework.utils.Reporter.reportStep(Reporter.java:107)
at com.framework.selenium.api.base.SeleniumBase.takeSnap(SeleniumBase.java:910)
at com.framework.utils.Reporter.reportStep(Reporter.java:81)
at com.framework.utils.Reporter.reportStep(Reporter.java:107)
at com.framework.selenium.api.base.SeleniumBase.takeSnap(SeleniumBase.java:910)
at com.framework.utils.Reporter.reportStep(Reporter.java:81)
at com.framework.utils.Reporter.reportStep(Reporter.java:107)
at com.framework.selenium.api.base.SeleniumBase.takeSnap(SeleniumBase.java:910)
at com.framework.utils.Reporter.reportStep(Reporter.java:81)
at com.framework.utils.Reporter.reportStep(Reporter.java:107)
at com.framework.selenium.api.base.SeleniumBase.takeSnap(SeleniumBase.java:910)
at com.framework.utils.Reporter.reportStep(Reporter.java:81)
at com.framework.utils.Reporter.reportStep(Reporter.java:107)
at com.framework.selenium.api.base.SeleniumBase.takeSnap(SeleniumBase.java:910)
at com.framework.utils.Reporter.reportStep(Reporter.java:81)
at com.framework.utils.Reporter.reportStep(Reporter.java:107)
at com.framework.selenium.api.base.SeleniumBase.takeSnap(SeleniumBase.java:910)
at com.framework.utils.Reporter.reportStep(Reporter.java:81)
at com.framework.utils.Reporter.reportStep(Reporter.java:107)
at com.framework.selenium.api.base.SeleniumBase.takeSnap(SeleniumBase.java:910)
at com.framework.utils.Reporter.reportStep(Reporter.java:81)
at com.framework.utils.Reporter.reportStep(Reporter.java:107)
at com.framework.selenium.api.base.SeleniumBase.takeSnap(SeleniumBase.java:910)
at com.framework.utils.Reporter.reportStep(Reporter.java:81)
at com.framework.utils.Reporter.reportStep(Reporter.java:107)
at com.framework.selenium.api.base.SeleniumBase.takeSnap(SeleniumBase.java:910)
at com.framework.utils.Reporter.reportStep(Reporter.java:81)
at com.framework.utils.Reporter.reportStep(Reporter.java:107)
at com.framework.selenium.api.base.SeleniumBase.takeSnap(SeleniumBase.java:910)
at com.framework.utils.Reporter.reportStep(Reporter.java:81)
at com.framework.utils.Reporter.reportStep(Reporter.java:107)
at com.framework.selenium.api.base.SeleniumBase.takeSnap(SeleniumBase.java:910)
at com.framework.utils.Reporter.reportStep(Reporter.java:81)
at com.framework.utils.Reporter.reportStep(Reporter.java:107)
at com.framework.selenium.api.base.SeleniumBase.takeSnap(SeleniumBase.java:910)
at com.framework.utils.Reporter.reportStep(Reporter.java:81)
at com.framework.utils.Reporter.reportStep(Reporter.java:107)
at com.framework.selenium.api.base.SeleniumBase.takeSnap(SeleniumBase.java:910)
at com.framework.utils.Reporter.reportStep(Reporter.java:81)
at com.framework.utils.Reporter.reportStep(Reporter.java:107)
at com.framework.selenium.api.base.SeleniumBase.takeSnap(SeleniumBase.java:910)
at com.framework.utils.Reporter.reportStep(Reporter.java:81)
at com.framework.utils.Reporter.reportStep(Reporter.java:107)
at com.framework.selenium.api.base.SeleniumBase.takeSnap(SeleniumBase.java:910)
at com.framework.utils.Reporter.reportStep(Reporter.java:81)
at com.framework.utils.Reporter.reportStep(Reporter.java:107)
at com.framework.selenium.api.base.SeleniumBase.takeSnap(SeleniumBase.java:910)
at com.framework.utils.Reporter.reportStep(Reporter.java:81)
at com.framework.utils.Reporter.reportStep(Reporter.java:107)
at com.framework.selenium.api.base.SeleniumBase.takeSnap(SeleniumBase.java:910)
at com.framework.utils.Reporter.reportStep(Reporter.java:81)
at com.framework.utils.Reporter.reportStep(Reporter.java:107)
at com.framework.selenium.api.base.SeleniumBase.takeSnap(SeleniumBase.java:910)
at com.framework.utils.Reporter.reportStep(Reporter.java:81)
at com.framework.utils.Reporter.reportStep(Reporter.java:107)
at com.framework.selenium.api.base.SeleniumBase.takeSnap(SeleniumBase.java:910)
at com.framework.utils.Reporter.reportStep(Reporter.java:81)
at com.framework.utils.Reporter.reportStep(Reporter.java:107)
at com.framework.selenium.api.base.SeleniumBase.takeSnap(SeleniumBase.java:910)
at com.framework.utils.Reporter.reportStep(Reporter.java:81)
at com.framework.utils.Reporter.reportStep(Reporter.java:107)
at com.framework.selenium.api.base.SeleniumBase.takeSnap(SeleniumBase.java:910)
at com.framework.utils.Reporter.reportStep(Reporter.java:81)
at com.framework.utils.Reporter.reportStep(Reporter.java:107)
at com.framework.selenium.api.base.SeleniumBase.takeSnap(SeleniumBase.java:910)
at com.framework.utils.Reporter.reportStep(Reporter.java:81)
at com.framework.utils.Reporter.reportStep(Reporter.java:107)
at com.framework.selenium.api.base.SeleniumBase.takeSnap(SeleniumBase.java:910)
at com.framework.utils.Reporter.reportStep(Reporter.java:81)
at com.framework.utils.Reporter.reportStep(Reporter.java:107)
at com.framework.selenium.api.base.SeleniumBase.takeSnap(SeleniumBase.java:910)
at com.framework.utils.Reporter.reportStep(Reporter.java:81)
at com.framework.utils.Reporter.reportStep(Reporter.java:107)
at com.framework.selenium.api.base.SeleniumBase.takeSnap(SeleniumBase.java:910)
at com.framework.utils.Reporter.reportStep(Reporter.java:81)
at com.framework.utils.Reporter.reportStep(Reporter.java:107)
at com.framework.selenium.api.base.SeleniumBase.takeSnap(SeleniumBase.java:910)
at com.framework.utils.Reporter.reportStep(Reporter.java:81)
at com.framework.utils.Reporter.reportStep(Reporter.java:107)
at com.framework.selenium.api.base.SeleniumBase.takeSnap(SeleniumBase.java:910)
at com.framework.utils.Reporter.reportStep(Reporter.java:81)
at com.framework.utils.Reporter.reportStep(Reporter.java:107)
at com.framework.selenium.api.base.SeleniumBase.takeSnap(SeleniumBase.java:910)
at com.framework.utils.Reporter.reportStep(Reporter.java:81)
at com.framework.utils.Reporter.reportStep(Reporter.java:107)
at com.framework.selenium.api.base.SeleniumBase.takeSnap(SeleniumBase.java:910)
at com.framework.utils.Reporter.reportStep(Reporter.java:81)
at com.framework.utils.Reporter.reportStep(Reporter.java:107)
at com.framework.selenium.api.base.SeleniumBase.takeSnap(SeleniumBase.java:910)
at com.framework.utils.Reporter.reportStep(Reporter.java:81)
at com.framework.utils.Reporter.reportStep(Reporter.java:107)
at com.framework.selenium.api.base.SeleniumBase.takeSnap(SeleniumBase.java:910)
at com.framework.utils.Reporter.reportStep(Reporter.java:81)
at com.framework.utils.Reporter.reportStep(Reporter.java:107)
at com.framework.selenium.api.base.SeleniumBase.takeSnap(SeleniumBase.java:910)
at com.framework.utils.Reporter.reportStep(Reporter.java:81)
at com.framework.utils.Reporter.reportStep(Reporter.java:107)
at com.framework.selenium.api.base.SeleniumBase.takeSnap(SeleniumBase.java:910)
at com.framework.utils.Reporter.reportStep(Reporter.java:81)
at com.framework.utils.Reporter.reportStep(Reporter.java:107)
at com.framework.selenium.api.base.SeleniumBase.takeSnap(SeleniumBase.java:910)
at com.framework.utils.Reporter.reportStep(Reporter.java:81)
at com.framework.utils.Reporter.reportStep(Reporter.java:107)
at com.framework.selenium.api.base.SeleniumBase.takeSnap(SeleniumBase.java:910)
at com.framework.utils.Reporter.reportStep(Reporter.java:81)
at com.framework.utils.Reporter.reportStep(Reporter.java:107)
at com.framework.selenium.api.base.SeleniumBase.takeSnap(SeleniumBase.java:910)
at com.framework.utils.Reporter.reportStep(Reporter.java:81)
at com.framework.utils.Reporter.reportStep(Reporter.java:107)
at com.framework.selenium.api.base.SeleniumBase.takeSnap(SeleniumBase.java:910)
at com.framework.utils.Reporter.reportStep(Reporter.java:81)
at com.framework.utils.Reporter.reportStep(Reporter.java:107)
at com.framework.selenium.api.base.SeleniumBase.takeSnap(SeleniumBase.java:910)
at com.framework.utils.Reporter.reportStep(Reporter.java:81)
at com.framework.utils.Reporter.reportStep(Reporter.java:107)
at com.framework.selenium.api.base.SeleniumBase.takeSnap(SeleniumBase.java:910)
at com.framework.utils.Reporter.reportStep(Reporter.java:81)
at com.framework.utils.Reporter.reportStep(Reporter.java:107)
at com.framework.selenium.api.base.SeleniumBase.takeSnap(SeleniumBase.java:910)
at com.framework.utils.Reporter.reportStep(Reporter.java:81)
at com.framework.utils.Reporter.reportStep(Reporter.java:107)
at com.framework.selenium.api.base.SeleniumBase.takeSnap(SeleniumBase.java:910)
at com.framework.utils.Reporter.reportStep(Reporter.java:81)
at com.framework.utils.Reporter.reportStep(Reporter.java:107)
at com.framework.selenium.api.base.SeleniumBase.takeSnap(SeleniumBase.java:910)
at com.framework.utils.Reporter.reportStep(Reporter.java:81)
at com.framework.utils.Reporter.reportStep(Reporter.java:107)
at com.framework.selenium.api.base.SeleniumBase.takeSnap(SeleniumBase.java:910)
at com.framework.utils.Reporter.reportStep(Reporter.java:81)
at com.framework.utils.Reporter.reportStep(Reporter.java:107)
at com.framework.selenium.api.base.SeleniumBase.takeSnap(SeleniumBase.java:910)
at com.framework.utils.Reporter.reportStep(Reporter.java:81)
at com.framework.utils.Reporter.reportStep(Reporter.java:107)
at com.framework.selenium.api.base.SeleniumBase.takeSnap(SeleniumBase.java:910)
at com.framework.utils.Reporter.reportStep(Reporter.java:81)
at com.framework.utils.Reporter.reportStep(Reporter.java:107)
at com.framework.selenium.api.base.SeleniumBase.takeSnap(SeleniumBase.java:910)
at com.framework.utils.Reporter.reportStep(Reporter.java:81)
at com.framework.utils.Reporter.reportStep(Reporter.java:107)
at com.framework.selenium.api.base.SeleniumBase.takeSnap(SeleniumBase.java:910)
at com.framework.utils.Reporter.reportStep(Reporter.java:81)
at com.framework.utils.Reporter.reportStep(Reporter.java:107)
at com.framework.selenium.api.base.SeleniumBase.takeSnap(SeleniumBase.java:910)
at com.framework.utils.Reporter.reportStep(Reporter.java:81)
at com.framework.utils.Reporter.reportStep(Reporter.java:107)
at com.framework.selenium.api.base.SeleniumBase.takeSnap(SeleniumBase.java:910)
at com.framework.utils.Reporter.reportStep(Reporter.java:81)
at com.framework.utils.Reporter.reportStep(Reporter.java:107)
at com.framework.selenium.api.base.SeleniumBase.takeSnap(SeleniumBase.java:910)
at com.framework.utils.Reporter.reportStep(Reporter.java:81)
at com.framework.utils.Reporter.reportStep(Reporter.java:107)
at com.framework.selenium.api.base.SeleniumBase.takeSnap(SeleniumBase.java:910)
at com.framework.utils.Reporter.reportStep(Reporter.java:81)
at com.framework.utils.Reporter.reportStep(Reporter.java:107)
at com.framework.selenium.api.base.SeleniumBase.takeSnap(SeleniumBase.java:910)
at com.framework.utils.Reporter.reportStep(Reporter.java:81)
at com.framework.utils.Reporter.reportStep(Reporter.java:107)
at com.framework.selenium.api.base.SeleniumBase.takeSnap(SeleniumBase.java:910)
at com.framework.utils.Reporter.reportStep(Reporter.java:81)
at com.framework.utils.Reporter.reportStep(Reporter.java:107)
at com.framework.selenium.api.base.SeleniumBase.takeSnap(SeleniumBase.java:910)
at com.framework.utils.Reporter.reportStep(Reporter.java:81)
at com.framework.utils.Reporter.reportStep(Reporter.java:107)
at com.framework.selenium.api.base.SeleniumBase.takeSnap(SeleniumBase.java:910)
at com.framework.utils.Reporter.reportStep(Reporter.java:81)
at com.framework.utils.Reporter.reportStep(Reporter.java:107)
at com.framework.selenium.api.base.SeleniumBase.takeSnap(SeleniumBase.java:910)
at com.framework.utils.Reporter.reportStep(Reporter.java:81)
at com.framework.utils.Reporter.reportStep(Reporter.java:107)
at com.framework.selenium.api.base.SeleniumBase.takeSnap(SeleniumBase.java:910)
at com.framework.utils.Reporter.reportStep(Reporter.java:81)
at com.framework.utils.Reporter.reportStep(Reporter.java:107)
at com.framework.selenium.api.base.SeleniumBase.takeSnap(SeleniumBase.java:910)
at com.framework.utils.Reporter.reportStep(Reporter.java:81)
at com.framework.utils.Reporter.reportStep(Reporter.java:107)
at com.framework.selenium.api.base.SeleniumBase.takeSnap(SeleniumBase.java:910)
at com.framework.utils.Reporter.reportStep(Reporter.java:81)
at com.framework.utils.Reporter.reportStep(Reporter.java:107)
at com.framework.selenium.api.base.SeleniumBase.takeSnap(SeleniumBase.java:910)
at com.framework.utils.Reporter.reportStep(Reporter.java:81)
at com.framework.utils.Reporter.reportStep(Reporter.java:107)
at com.framework.selenium.api.base.SeleniumBase.takeSnap(SeleniumBase.java:910)
at com.framework.utils.Reporter.reportStep(Reporter.java:81)
at com.framework.utils.Reporter.reportStep(Reporter.java:107)
at com.framework.selenium.api.base.SeleniumBase.takeSnap(SeleniumBase.java:910)
at com.framework.utils.Reporter.reportStep(Reporter.java:81)
at com.framework.utils.Reporter.reportStep(Reporter.java:107)
at com.framework.selenium.api.base.SeleniumBase.takeSnap(SeleniumBase.java:910)
at com.framework.utils.Reporter.reportStep(Reporter.java:81)
at com.framework.utils.Reporter.reportStep(Reporter.java:107)
at com.framework.selenium.api.base.SeleniumBase.takeSnap(SeleniumBase.java:910)
at com.framework.utils.Reporter.reportStep(Reporter.java:81)
at com.framework.utils.Reporter.reportStep(Reporter.java:107)
at com.framework.selenium.api.base.SeleniumBase.takeSnap(SeleniumBase.java:910)
at com.framework.utils.Reporter.reportStep(Reporter.java:81)
at com.framework.utils.Reporter.reportStep(Reporter.java:107)
at com.framework.selenium.api.base.SeleniumBase.takeSnap(SeleniumBase.java:910)
at com.framework.utils.Reporter.reportStep(Reporter.java:81)
at com.framework.utils.Reporter.reportStep(Reporter.java:107)
at com.framework.selenium.api.base.SeleniumBase.takeSnap(SeleniumBase.java:910)
at com.framework.utils.Reporter.reportStep(Reporter.java:81)
at com.framework.utils.Reporter.reportStep(Reporter.java:107)
at com.framework.selenium.api.base.SeleniumBase.takeSnap(SeleniumBase.java:910)
at com.framework.utils.Reporter.reportStep(Reporter.java:81)
at com.framework.utils.Reporter.reportStep(Reporter.java:107)
at com.framework.selenium.api.base.SeleniumBase.takeSnap(SeleniumBase.java:910)
at com.framework.utils.Reporter.reportStep(Reporter.java:81)
at com.framework.utils.Reporter.reportStep(Reporter.java:107)
at com.framework.selenium.api.base.SeleniumBase.takeSnap(SeleniumBase.java:910)
at com.framework.utils.Reporter.reportStep(Reporter.java:81)
at com.framework.utils.Reporter.reportStep(Reporter.java:107)
at com.framework.selenium.api.base.SeleniumBase.takeSnap(SeleniumBase.java:910)
at com.framework.utils.Reporter.reportStep(Reporter.java:81)
at com.framework.utils.Reporter.reportStep(Reporter.java:107)
at com.framework.selenium.api.base.SeleniumBase.takeSnap(SeleniumBase.java:910)
at com.framework.utils.Reporter.reportStep(Reporter.java:81)
at com.framework.utils.Reporter.reportStep(Reporter.java:107)
at com.framework.selenium.api.base.SeleniumBase.takeSnap(SeleniumBase.java:910)
at com.framework.utils.Reporter.reportStep(Reporter.java:81)
at com.framework.utils.Reporter.reportStep(Reporter.java:107)
at com.framework.selenium.api.base.SeleniumBase.takeSnap(SeleniumBase.java:910)
at com.framework.utils.Reporter.reportStep(Reporter.java:81)
at com.framework.utils.Reporter.reportStep(Reporter.java:107)
at com.framework.selenium.api.base.SeleniumBase.takeSnap(SeleniumBase.java:910)
at com.framework.utils.Reporter.reportStep(Reporter.java:81)
at com.framework.utils.Reporter.reportStep(Reporter.java:107)
at com.framework.selenium.api.base.SeleniumBase.takeSnap(SeleniumBase.java:910)
at com.framework.utils.Reporter.reportStep(Reporter.java:81)
at com.framework.utils.Reporter.reportStep(Reporter.java:107)
at com.framework.selenium.api.base.SeleniumBase.takeSnap(SeleniumBase.java:910)
at com.framework.utils.Reporter.reportStep(Reporter.java:81)
at com.framework.utils.Reporter.reportStep(Reporter.java:107)
at com.framework.selenium.api.base.SeleniumBase.takeSnap(SeleniumBase.java:910)
at com.framework.utils.Reporter.reportStep(Reporter.java:81)
at com.framework.utils.Reporter.reportStep(Reporter.java:107)
at com.framework.selenium.api.base.SeleniumBase.takeSnap(SeleniumBase.java:910)
at com.framework.utils.Reporter.reportStep(Reporter.java:81)
at com.framework.utils.Reporter.reportStep(Reporter.java:107)
at com.framework.selenium.api.base.SeleniumBase.takeSnap(SeleniumBase.java:910)
at com.framework.utils.Reporter.reportStep(Reporter.java:81)
at com.framework.utils.Reporter.reportStep(Reporter.java:107)
at com.framework.selenium.api.base.SeleniumBase.takeSnap(SeleniumBase.java:910)
at com.framework.utils.Reporter.reportStep(Reporter.java:81)
at com.framework.utils.Reporter.reportStep(Reporter.java:107)
at com.framework.selenium.api.base.SeleniumBase.takeSnap(SeleniumBase.java:910)
at com.framework.utils.Reporter.reportStep(Reporter.java:81)
at com.framework.utils.Reporter.reportStep(Reporter.java:107)
at com.framework.selenium.api.base.SeleniumBase.takeSnap(SeleniumBase.java:910)
at com.framework.utils.Reporter.reportStep(Reporter.java:81)
at com.framework.utils.Reporter.reportStep(Reporter.java:107)
at com.framework.selenium.api.base.SeleniumBase.takeSnap(SeleniumBase.java:910)
at com.framework.utils.Reporter.reportStep(Reporter.java:81)
at com.framework.utils.Reporter.reportStep(Reporter.java:107)
at com.framework.selenium.api.base.SeleniumBase.takeSnap(SeleniumBase.java:910)
at com.framework.utils.Reporter.reportStep(Reporter.java:81)
at com.framework.utils.Reporter.reportStep(Reporter.java:107)
at com.framework.selenium.api.base.SeleniumBase.takeSnap(SeleniumBase.java:910)
at com.framework.utils.Reporter.reportStep(Reporter.java:81)
at com.framework.utils.Reporter.reportStep(Reporter.java:107)
at com.framework.selenium.api.base.SeleniumBase.takeSnap(SeleniumBase.java:910)
at com.framework.utils.Reporter.reportStep(Reporter.java:81)
at com.framework.utils.Reporter.reportStep(Reporter.java:107)
at com.framework.selenium.api.base.SeleniumBase.takeSnap(SeleniumBase.java:910)
at com.framework.utils.Reporter.reportStep(Reporter.java:81)
at com.framework.utils.Reporter.reportStep(Reporter.java:107)
at com.framework.selenium.api.base.SeleniumBase.takeSnap(SeleniumBase.java:910)
at com.framework.utils.Reporter.reportStep(Reporter.java:81)
at com.framework.utils.Reporter.reportStep(Reporter.java:107)
at com.framework.selenium.api.base.SeleniumBase.takeSnap(SeleniumBase.java:910)
at com.framework.utils.Reporter.reportStep(Reporter.java:81)
at com.framework.utils.Reporter.reportStep(Reporter.java:107)
at com.framework.selenium.api.base.SeleniumBase.takeSnap(SeleniumBase.java:910)
at com.framework.utils.Reporter.reportStep(Reporter.java:81)
at com.framework.utils.Reporter.reportStep(Reporter.java:107)
at com.framework.selenium.api.base.SeleniumBase.takeSnap(SeleniumBase.java:910)
at com.framework.utils.Reporter.reportStep(Reporter.java:81)
at com.framework.utils.Reporter.reportStep(Reporter.java:107)
at com.framework.selenium.api.base.SeleniumBase.takeSnap(SeleniumBase.java:910)
at com.framework.utils.Reporter.reportStep(Reporter.java:81)
at com.framework.utils.Reporter.reportStep(Reporter.java:107)
at com.framework.selenium.api.base.SeleniumBase.takeSnap(SeleniumBase.java:910)
at com.framework.utils.Reporter.reportStep(Reporter.java:81)
at com.framework.utils.Reporter.reportStep(Reporter.java:107)
at com.framework.selenium.api.base.SeleniumBase.takeSnap(SeleniumBase.java:910)
at com.framework.utils.Reporter.reportStep(Reporter.java:81)
at com.framework.utils.Reporter.reportStep(Reporter.java:107)
at com.framework.selenium.api.base.SeleniumBase.takeSnap(SeleniumBase.java:910)
at com.framework.utils.Reporter.reportStep(Reporter.java:81)
at com.framework.utils.Reporter.reportStep(Reporter.java:107)
at com.framework.selenium.api.base.SeleniumBase.takeSnap(SeleniumBase.java:910)
at com.framework.utils.Reporter.reportStep(Reporter.java:81)
at com.framework.utils.Reporter.reportStep(Reporter.java:107)
at com.framework.selenium.api.base.SeleniumBase.takeSnap(SeleniumBase.java:910)
at com.framework.utils.Reporter.reportStep(Reporter.java:81)
at com.framework.utils.Reporter.reportStep(Reporter.java:107)
at com.framework.selenium.api.base.SeleniumBase.takeSnap(SeleniumBase.java:910)
at com.framework.utils.Reporter.reportStep(Reporter.java:81)
at com.framework.utils.Reporter.reportStep(Reporter.java:107)
at com.framework.selenium.api.base.SeleniumBase.takeSnap(SeleniumBase.java:910)
at com.framework.utils.Reporter.reportStep(Reporter.java:81)
at com.framework.utils.Reporter.reportStep(Reporter.java:107)
at com.framework.selenium.api.base.SeleniumBase.takeSnap(SeleniumBase.java:910)
at com.framework.utils.Reporter.reportStep(Reporter.java:81)
at com.framework.utils.Reporter.reportStep(Reporter.java:107)
at com.framework.selenium.api.base.SeleniumBase.takeSnap(SeleniumBase.java:910)
at com.framework.utils.Reporter.reportStep(Reporter.java:81)
at com.framework.utils.Reporter.reportStep(Reporter.java:107)
at com.framework.selenium.api.base.SeleniumBase.takeSnap(SeleniumBase.java:910)
at com.framework.utils.Reporter.reportStep(Reporter.java:81)
at com.framework.utils.Reporter.reportStep(Reporter.java:107)
at com.framework.selenium.api.base.SeleniumBase.takeSnap(SeleniumBase.java:910)
at com.framework.utils.Reporter.reportStep(Reporter.java:81)
at com.framework.utils.Reporter.reportStep(Reporter.java:107)
at com.framework.selenium.api.base.SeleniumBase.takeSnap(SeleniumBase.java:910)
at com.framework.utils.Reporter.reportStep(Reporter.java:81)
at com.framework.utils.Reporter.reportStep(Reporter.java:107)
at com.framework.selenium.api.base.SeleniumBase.takeSnap(SeleniumBase.java:910)
at com.framework.utils.Reporter.reportStep(Reporter.java:81)
at com.framework.utils.Reporter.reportStep(Reporter.java:107)
at com.framework.selenium.api.base.SeleniumBase.takeSnap(SeleniumBase.java:910)
at com.framework.utils.Reporter.reportStep(Reporter.java:81)
at com.framework.utils.Reporter.reportStep(Reporter.java:107)
at com.framework.selenium.api.base.SeleniumBase.takeSnap(SeleniumBase.java:910)
at com.framework.utils.Reporter.reportStep(Reporter.java:81)
at com.framework.utils.Reporter.reportStep(Reporter.java:107)
at com.framework.selenium.api.base.SeleniumBase.takeSnap(SeleniumBase.java:910)
at com.framework.utils.Reporter.reportStep(Reporter.java:81)
at com.framework.utils.Reporter.reportStep(Reporter.java:107)
at com.framework.selenium.api.base.SeleniumBase.takeSnap(SeleniumBase.java:910)
at com.framework.utils.Reporter.reportStep(Reporter.java:81)
at com.framework.utils.Reporter.reportStep(Reporter.java:107)
at com.framework.selenium.api.base.SeleniumBase.takeSnap(SeleniumBase.java:910)
at com.framework.utils.Reporter.reportStep(Reporter.java:81)
at com.framework.utils.Reporter.reportStep(Reporter.java:107)
at com.framework.selenium.api.base.SeleniumBase.takeSnap(SeleniumBase.java:910)
at com.framework.utils.Reporter.reportStep(Reporter.java:81)
at com.framework.utils.Reporter.reportStep(Reporter.java:107)
at com.framework.selenium.api.base.SeleniumBase.takeSnap(SeleniumBase.java:910)
at com.framework.utils.Reporter.reportStep(Reporter.java:81)
at com.framework.utils.Reporter.reportStep(Reporter.java:107)
at com.framework.selenium.api.base.SeleniumBase.takeSnap(SeleniumBase.java:910)
at com.framework.utils.Reporter.reportStep(Reporter.java:81)
at com.framework.utils.Reporter.reportStep(Reporter.java:107)
at com.framework.selenium.api.base.SeleniumBase.takeSnap(SeleniumBase.java:910)
at com.framework.utils.Reporter.reportStep(Reporter.java:81)
at com.framework.utils.Reporter.reportStep(Reporter.java:107)
at com.framework.selenium.api.base.SeleniumBase.takeSnap(SeleniumBase.java:910)
at com.framework.utils.Reporter.reportStep(Reporter.java:81)
at com.framework.utils.Reporter.reportStep(Reporter.java:107)
at com.framework.selenium.api.base.SeleniumBase.takeSnap(SeleniumBase.java:910)
at com.framework.utils.Reporter.reportStep(Reporter.java:81)
at com.framework.utils.Reporter.reportStep(Reporter.java:107)
at com.framework.selenium.api.base.SeleniumBase.takeSnap(SeleniumBase.java:910)
at com.framework.utils.Reporter.reportStep(Reporter.java:81)
at com.framework.utils.Reporter.reportStep(Reporter.java:107)
at com.framework.selenium.api.base.SeleniumBase.takeSnap(SeleniumBase.java:910)
at com.framework.utils.Reporter.reportStep(Reporter.java:81)
at com.framework.utils.Reporter.reportStep(Reporter.java:107)
at com.framework.selenium.api.base.SeleniumBase.takeSnap(SeleniumBase.java:910)
at com.framework.utils.Reporter.reportStep(Reporter.java:81)
at com.framework.utils.Reporter.reportStep(Reporter.java:107)
at com.framework.selenium.api.base.SeleniumBase.takeSnap(SeleniumBase.java:910)
at com.framework.utils.Reporter.reportStep(Reporter.java:81)
at com.framework.utils.Reporter.reportStep(Reporter.java:107)
at com.framework.selenium.api.base.SeleniumBase.takeSnap(SeleniumBase.java:910)
at com.framework.utils.Reporter.reportStep(Reporter.java:81)
at com.framework.utils.Reporter.reportStep(Reporter.java:107)
at com.framework.selenium.api.base.SeleniumBase.takeSnap(SeleniumBase.java:910)
at com.framework.utils.Reporter.reportStep(Reporter.java:81)
at com.framework.utils.Reporter.reportStep(Reporter.java:107)
at com.framework.selenium.api.base.SeleniumBase.takeSnap(SeleniumBase.java:910)
at com.framework.utils.Reporter.reportStep(Reporter.java:81)
at com.framework.utils.Reporter.reportStep(Reporter.java:107)
at com.framework.selenium.api.base.SeleniumBase.takeSnap(SeleniumBase.java:910)
at com.framework.utils.Reporter.reportStep(Reporter.java:81)
at com.framework.utils.Reporter.reportStep(Reporter.java:107)
at com.framework.selenium.api.base.SeleniumBase.takeSnap(SeleniumBase.java:910)
at com.framework.utils.Reporter.reportStep(Reporter.java:81)
at com.framework.utils.Reporter.reportStep(Reporter.java:107)
at com.framework.selenium.api.base.SeleniumBase.takeSnap(SeleniumBase.java:910)
at com.framework.utils.Reporter.reportStep(Reporter.java:81)
at com.framework.utils.Reporter.reportStep(Reporter.java:107)
at com.framework.selenium.api.base.SeleniumBase.takeSnap(SeleniumBase.java:910)
at com.framework.utils.Reporter.reportStep(Reporter.java:81)
at com.framework.utils.Reporter.reportStep(Reporter.java:107)
at com.framework.selenium.api.base.SeleniumBase.takeSnap(SeleniumBase.java:910)
at com.framework.utils.Reporter.reportStep(Reporter.java:81)
at com.framework.utils.Reporter.reportStep(Reporter.java:107)
at com.framework.selenium.api.base.SeleniumBase.takeSnap(SeleniumBase.java:910)
at com.framework.utils.Reporter.reportStep(Reporter.java:81)
at com.framework.utils.Reporter.reportStep(Reporter.java:107)
at com.framework.selenium.api.base.SeleniumBase.takeSnap(SeleniumBase.java:910)
at com.framework.utils.Reporter.reportStep(Reporter.java:81)
at com.framework.utils.Reporter.reportStep(Reporter.java:107)
at com.framework.selenium.api.base.SeleniumBase.takeSnap(SeleniumBase.java:910)
at com.framework.utils.Reporter.reportStep(Reporter.java:81)
at com.framework.utils.Reporter.reportStep(Reporter.java:107)
at com.framework.selenium.api.base.SeleniumBase.takeSnap(SeleniumBase.java:910)
at com.framework.utils.Reporter.reportStep(Reporter.java:81)
at com.framework.utils.Reporter.reportStep(Reporter.java:107)
at com.framework.selenium.api.base.SeleniumBase.takeSnap(SeleniumBase.java:910)
at com.framework.utils.Reporter.reportStep(Reporter.java:81)
at com.framework.utils.Reporter.reportStep(Reporter.java:107)
at com.framework.selenium.api.base.SeleniumBase.takeSnap(SeleniumBase.java:910)
at com.framework.utils.Reporter.reportStep(Reporter.java:81)
at com.framework.utils.Reporter.reportStep(Reporter.java:107)
at com.framework.selenium.api.base.SeleniumBase.takeSnap(SeleniumBase.java:910)
at com.framework.utils.Reporter.reportStep(Reporter.java:81)
at com.framework.utils.Reporter.reportStep(Reporter.java:107)
at com.framework.selenium.api.base.SeleniumBase.takeSnap(SeleniumBase.java:910)
at com.framework.utils.Reporter.reportStep(Reporter.java:81)
at com.framework.utils.Reporter.reportStep(Reporter.java:107)
at com.framework.selenium.api.base.SeleniumBase.takeSnap(SeleniumBase.java:910)
at com.framework.utils.Reporter.reportStep(Reporter.java:81)
at com.framework.utils.Reporter.reportStep(Reporter.java:107)
at com.framework.selenium.api.base.SeleniumBase.takeSnap(SeleniumBase.java:910)
at com.framework.utils.Reporter.reportStep(Reporter.java:81)
at com.framework.utils.Reporter.reportStep(Reporter.java:107)
at com.framework.selenium.api.base.SeleniumBase.takeSnap(SeleniumBase.java:910)
at com.framework.utils.Reporter.reportStep(Reporter.java:81)
at com.framework.utils.Reporter.reportStep(Reporter.java:107)
at com.framework.selenium.api.base.SeleniumBase.takeSnap(SeleniumBase.java:910)
at com.framework.utils.Reporter.reportStep(Reporter.java:81)
at com.framework.utils.Reporter.reportStep(Reporter.java:107)
at com.framework.selenium.api.base.SeleniumBase.takeSnap(SeleniumBase.java:910)
at com.framework.utils.Reporter.reportStep(Reporter.java:81)
at com.framework.utils.Reporter.reportStep(Reporter.java:107)
at com.framework.selenium.api.base.SeleniumBase.takeSnap(SeleniumBase.java:910)
at com.framework.utils.Reporter.reportStep(Reporter.java:81)
at com.framework.utils.Reporter.reportStep(Reporter.java:107)
at com.framework.selenium.api.base.SeleniumBase.takeSnap(SeleniumBase.java:910)
at com.framework.utils.Reporter.reportStep(Reporter.java:81)
at com.framework.utils.Reporter.reportStep(Reporter.java:107)
at com.framework.selenium.api.base.SeleniumBase.takeSnap(SeleniumBase.java:910)
at com.framework.utils.Reporter.reportStep(Reporter.java:81)
at com.framework.utils.Reporter.reportStep(Reporter.java:107)
at com.framework.selenium.api.base.SeleniumBase.takeSnap(SeleniumBase.java:910)
at com.framework.utils.Reporter.reportStep(Reporter.java:81)
at com.framework.utils.Reporter.reportStep(Reporter.java:107)
at com.framework.selenium.api.base.SeleniumBase.takeSnap(SeleniumBase.java:910)
at com.framework.utils.Reporter.reportStep(Reporter.java:81)
at com.framework.utils.Reporter.reportStep(Reporter.java:107)
at com.framework.selenium.api.base.SeleniumBase.takeSnap(SeleniumBase.java:910)
at com.framework.utils.Reporter.reportStep(Reporter.java:81)
at com.framework.utils.Reporter.reportStep(Reporter.java:107)
at com.framework.selenium.api.base.SeleniumBase.takeSnap(SeleniumBase.java:910)
at com.framework.utils.Reporter.reportStep(Reporter.java:81)
at com.framework.utils.Reporter.reportStep(Reporter.java:107)
at com.framework.selenium.api.base.SeleniumBase.takeSnap(SeleniumBase.java:910)
at com.framework.utils.Reporter.reportStep(Reporter.java:81)
at com.framework.utils.Reporter.reportStep(Reporter.java:107)
at com.framework.selenium.api.base.SeleniumBase.takeSnap(SeleniumBase.java:910)
at com.framework.utils.Reporter.reportStep(Reporter.java:81)
at com.framework.utils.Reporter.reportStep(Reporter.java:107)
at com.framework.selenium.api.base.SeleniumBase.takeSnap(SeleniumBase.java:910)
at com.framework.utils.Reporter.reportStep(Reporter.java:81)
at com.framework.utils.Reporter.reportStep(Reporter.java:107)
at com.framework.selenium.api.base.SeleniumBase.takeSnap(SeleniumBase.java:910)
at com.framework.utils.Reporter.reportStep(Reporter.java:81)
at com.framework.utils.Reporter.reportStep(Reporter.java:107)
at com.framework.selenium.api.base.SeleniumBase.takeSnap(SeleniumBase.java:910)
at com.framework.utils.Reporter.reportStep(Reporter.java:81)
at com.framework.utils.Reporter.reportStep(Reporter.java:107)
at com.framework.selenium.api.base.SeleniumBase.takeSnap(SeleniumBase.java:910)
at com.framework.utils.Reporter.reportStep(Reporter.java:81)
at com.framework.utils.Reporter.reportStep(Reporter.java:107)
at com.framework.selenium.api.base.SeleniumBase.takeSnap(SeleniumBase.java:910)
at com.framework.utils.Reporter.reportStep(Reporter.java:81)
at com.framework.utils.Reporter.reportStep(Reporter.java:107)
at com.framework.selenium.api.base.SeleniumBase.takeSnap(SeleniumBase.java:910)
at com.framework.utils.Reporter.reportStep(Reporter.java:81)
at com.framework.utils.Reporter.reportStep(Reporter.java:107)
at com.framework.selenium.api.base.SeleniumBase.takeSnap(SeleniumBase.java:910)
at com.framework.utils.Reporter.reportStep(Reporter.java:81)
at com.framework.utils.Reporter.reportStep(Reporter.java:107)
at com.framework.selenium.api.base.SeleniumBase.takeSnap(SeleniumBase.java:910)
at com.framework.utils.Reporter.reportStep(Reporter.java:81)
at com.framework.utils.Reporter.reportStep(Reporter.java:107)
at com.framework.selenium.api.base.SeleniumBase.takeSnap(SeleniumBase.java:910)
at com.framework.utils.Reporter.reportStep(Reporter.java:81)
at com.framework.utils.Reporter.reportStep(Reporter.java:107)
at com.framework.selenium.api.base.SeleniumBase.takeSnap(SeleniumBase.java:910)
at com.framework.utils.Reporter.reportStep(Reporter.java:81)
at com.framework.utils.Reporter.reportStep(Reporter.java:107)
at com.framework.selenium.api.base.SeleniumBase.takeSnap(SeleniumBase.java:910)
at com.framework.utils.Reporter.reportStep(Reporter.java:81)
at com.framework.utils.Reporter.reportStep(Reporter.java:107)
at com.framework.selenium.api.base.SeleniumBase.takeSnap(SeleniumBase.java:910)
at com.framework.utils.Reporter.reportStep(Reporter.java:81)
at com.framework.utils.Reporter.reportStep(Reporter.java:107)
at com.framework.selenium.api.base.SeleniumBase.takeSnap(SeleniumBase.java:910)
at com.framework.utils.Reporter.reportStep(Reporter.java:81)
at com.framework.utils.Reporter.reportStep(Reporter.java:107)
at com.framework.selenium.api.base.SeleniumBase.takeSnap(SeleniumBase.java:910)
at com.framework.utils.Reporter.reportStep(Reporter.java:81)
at com.framework.utils.Reporter.reportStep(Reporter.java:107)
at com.framework.selenium.api.base.SeleniumBase.takeSnap(SeleniumBase.java:910)
at com.framework.utils.Reporter.reportStep(Reporter.java:81)
at com.framework.utils.Reporter.reportStep(Reporter.java:107)
at com.framework.selenium.api.base.SeleniumBase.takeSnap(SeleniumBase.java:910)
at com.framework.utils.Reporter.reportStep(Reporter.java:81)
at com.framework.utils.Reporter.reportStep(Reporter.java:107)
at com.framework.selenium.api.base.SeleniumBase.takeSnap(SeleniumBase.java:910)
at com.framework.utils.Reporter.reportStep(Reporter.java:81)
at com.framework.utils.Reporter.reportStep(Reporter.java:107)
at com.framework.selenium.api.base.SeleniumBase.takeSnap(SeleniumBase.java:910)
at com.framework.utils.Reporter.reportStep(Reporter.java:81)
at com.framework.utils.Reporter.reportStep(Reporter.java:107)
at com.framework.selenium.api.base.SeleniumBase.takeSnap(SeleniumBase.java:910)
at com.framework.utils.Reporter.reportStep(Reporter.java:81)
at com.framework.utils.Reporter.reportStep(Reporter.java:107)
at com.framework.selenium.api.base.SeleniumBase.takeSnap(SeleniumBase.java:910)
at com.framework.utils.Reporter.reportStep(Reporter.java:81)
at com.framework.utils.Reporter.reportStep(Reporter.java:107)
at com.framework.selenium.api.base.SeleniumBase.takeSnap(SeleniumBase.java:910)
at com.framework.utils.Reporter.reportStep(Reporter.java:81)
at com.framework.utils.Reporter.reportStep(Reporter.java:107)
at com.framework.selenium.api.base.SeleniumBase.takeSnap(SeleniumBase.java:910)
at com.framework.utils.Reporter.reportStep(Reporter.java:81)
at com.framework.utils.Reporter.reportStep(Reporter.java:107)
at com.framework.selenium.api.base.SeleniumBase.takeSnap(SeleniumBase.java:910)
at com.framework.utils.Reporter.reportStep(Reporter.java:81)
at com.framework.utils.Reporter.reportStep(Reporter.java:107)
at com.framework.selenium.api.base.SeleniumBase.takeSnap(SeleniumBase.java:910)
]]>
            </full-stacktrace>
          </exception> <!-- java.lang.StackOverflowError -->
          <reporter-output>
          </reporter-output>
        </test-method> <!-- preCondition -->
        <test-method signature="selectUser()[pri:0, instance:com.orangehrm.testcases.TC001_SelectUser@1c742ed4]" started-at="2025-04-24T18:55:50 IST" name="selectUser" finished-at="2025-04-24T18:55:50 IST" duration-ms="0" status="SKIP">
          <exception class="java.lang.StackOverflowError">
            <full-stacktrace>
              <![CDATA[java.lang.StackOverflowError
at com.framework.selenium.api.base.SeleniumBase.takeSnap(SeleniumBase.java:903)
at com.framework.utils.Reporter.reportStep(Reporter.java:81)
at com.framework.utils.Reporter.reportStep(Reporter.java:107)
at com.framework.selenium.api.base.SeleniumBase.takeSnap(SeleniumBase.java:910)
at com.framework.utils.Reporter.reportStep(Reporter.java:81)
at com.framework.utils.Reporter.reportStep(Reporter.java:107)
at com.framework.selenium.api.base.SeleniumBase.takeSnap(SeleniumBase.java:910)
at com.framework.utils.Reporter.reportStep(Reporter.java:81)
at com.framework.utils.Reporter.reportStep(Reporter.java:107)
at com.framework.selenium.api.base.SeleniumBase.takeSnap(SeleniumBase.java:910)
at com.framework.utils.Reporter.reportStep(Reporter.java:81)
at com.framework.utils.Reporter.reportStep(Reporter.java:107)
at com.framework.selenium.api.base.SeleniumBase.takeSnap(SeleniumBase.java:910)
at com.framework.utils.Reporter.reportStep(Reporter.java:81)
at com.framework.utils.Reporter.reportStep(Reporter.java:107)
at com.framework.selenium.api.base.SeleniumBase.takeSnap(SeleniumBase.java:910)
at com.framework.utils.Reporter.reportStep(Reporter.java:81)
at com.framework.utils.Reporter.reportStep(Reporter.java:107)
at com.framework.selenium.api.base.SeleniumBase.takeSnap(SeleniumBase.java:910)
at com.framework.utils.Reporter.reportStep(Reporter.java:81)
at com.framework.utils.Reporter.reportStep(Reporter.java:107)
at com.framework.selenium.api.base.SeleniumBase.takeSnap(SeleniumBase.java:910)
at com.framework.utils.Reporter.reportStep(Reporter.java:81)
at com.framework.utils.Reporter.reportStep(Reporter.java:107)
at com.framework.selenium.api.base.SeleniumBase.takeSnap(SeleniumBase.java:910)
at com.framework.utils.Reporter.reportStep(Reporter.java:81)
at com.framework.utils.Reporter.reportStep(Reporter.java:107)
at com.framework.selenium.api.base.SeleniumBase.takeSnap(SeleniumBase.java:910)
at com.framework.utils.Reporter.reportStep(Reporter.java:81)
at com.framework.utils.Reporter.reportStep(Reporter.java:107)
at com.framework.selenium.api.base.SeleniumBase.takeSnap(SeleniumBase.java:910)
at com.framework.utils.Reporter.reportStep(Reporter.java:81)
at com.framework.utils.Reporter.reportStep(Reporter.java:107)
at com.framework.selenium.api.base.SeleniumBase.takeSnap(SeleniumBase.java:910)
at com.framework.utils.Reporter.reportStep(Reporter.java:81)
at com.framework.utils.Reporter.reportStep(Reporter.java:107)
at com.framework.selenium.api.base.SeleniumBase.takeSnap(SeleniumBase.java:910)
at com.framework.utils.Reporter.reportStep(Reporter.java:81)
at com.framework.utils.Reporter.reportStep(Reporter.java:107)
at com.framework.selenium.api.base.SeleniumBase.takeSnap(SeleniumBase.java:910)
at com.framework.utils.Reporter.reportStep(Reporter.java:81)
at com.framework.utils.Reporter.reportStep(Reporter.java:107)
at com.framework.selenium.api.base.SeleniumBase.takeSnap(SeleniumBase.java:910)
at com.framework.utils.Reporter.reportStep(Reporter.java:81)
at com.framework.utils.Reporter.reportStep(Reporter.java:107)
at com.framework.selenium.api.base.SeleniumBase.takeSnap(SeleniumBase.java:910)
at com.framework.utils.Reporter.reportStep(Reporter.java:81)
at com.framework.utils.Reporter.reportStep(Reporter.java:107)
at com.framework.selenium.api.base.SeleniumBase.takeSnap(SeleniumBase.java:910)
at com.framework.utils.Reporter.reportStep(Reporter.java:81)
at com.framework.utils.Reporter.reportStep(Reporter.java:107)
at com.framework.selenium.api.base.SeleniumBase.takeSnap(SeleniumBase.java:910)
at com.framework.utils.Reporter.reportStep(Reporter.java:81)
at com.framework.utils.Reporter.reportStep(Reporter.java:107)
at com.framework.selenium.api.base.SeleniumBase.takeSnap(SeleniumBase.java:910)
at com.framework.utils.Reporter.reportStep(Reporter.java:81)
at com.framework.utils.Reporter.reportStep(Reporter.java:107)
at com.framework.selenium.api.base.SeleniumBase.takeSnap(SeleniumBase.java:910)
at com.framework.utils.Reporter.reportStep(Reporter.java:81)
at com.framework.utils.Reporter.reportStep(Reporter.java:107)
at com.framework.selenium.api.base.SeleniumBase.takeSnap(SeleniumBase.java:910)
at com.framework.utils.Reporter.reportStep(Reporter.java:81)
at com.framework.utils.Reporter.reportStep(Reporter.java:107)
at com.framework.selenium.api.base.SeleniumBase.takeSnap(SeleniumBase.java:910)
at com.framework.utils.Reporter.reportStep(Reporter.java:81)
at com.framework.utils.Reporter.reportStep(Reporter.java:107)
at com.framework.selenium.api.base.SeleniumBase.takeSnap(SeleniumBase.java:910)
at com.framework.utils.Reporter.reportStep(Reporter.java:81)
at com.framework.utils.Reporter.reportStep(Reporter.java:107)
at com.framework.selenium.api.base.SeleniumBase.takeSnap(SeleniumBase.java:910)
at com.framework.utils.Reporter.reportStep(Reporter.java:81)
at com.framework.utils.Reporter.reportStep(Reporter.java:107)
at com.framework.selenium.api.base.SeleniumBase.takeSnap(SeleniumBase.java:910)
at com.framework.utils.Reporter.reportStep(Reporter.java:81)
at com.framework.utils.Reporter.reportStep(Reporter.java:107)
at com.framework.selenium.api.base.SeleniumBase.takeSnap(SeleniumBase.java:910)
at com.framework.utils.Reporter.reportStep(Reporter.java:81)
at com.framework.utils.Reporter.reportStep(Reporter.java:107)
at com.framework.selenium.api.base.SeleniumBase.takeSnap(SeleniumBase.java:910)
at com.framework.utils.Reporter.reportStep(Reporter.java:81)
at com.framework.utils.Reporter.reportStep(Reporter.java:107)
at com.framework.selenium.api.base.SeleniumBase.takeSnap(SeleniumBase.java:910)
at com.framework.utils.Reporter.reportStep(Reporter.java:81)
at com.framework.utils.Reporter.reportStep(Reporter.java:107)
at com.framework.selenium.api.base.SeleniumBase.takeSnap(SeleniumBase.java:910)
at com.framework.utils.Reporter.reportStep(Reporter.java:81)
at com.framework.utils.Reporter.reportStep(Reporter.java:107)
at com.framework.selenium.api.base.SeleniumBase.takeSnap(SeleniumBase.java:910)
at com.framework.utils.Reporter.reportStep(Reporter.java:81)
at com.framework.utils.Reporter.reportStep(Reporter.java:107)
at com.framework.selenium.api.base.SeleniumBase.takeSnap(SeleniumBase.java:910)
at com.framework.utils.Reporter.reportStep(Reporter.java:81)
at com.framework.utils.Reporter.reportStep(Reporter.java:107)
at com.framework.selenium.api.base.SeleniumBase.takeSnap(SeleniumBase.java:910)
at com.framework.utils.Reporter.reportStep(Reporter.java:81)
at com.framework.utils.Reporter.reportStep(Reporter.java:107)
at com.framework.selenium.api.base.SeleniumBase.takeSnap(SeleniumBase.java:910)
at com.framework.utils.Reporter.reportStep(Reporter.java:81)
at com.framework.utils.Reporter.reportStep(Reporter.java:107)
at com.framework.selenium.api.base.SeleniumBase.takeSnap(SeleniumBase.java:910)
at com.framework.utils.Reporter.reportStep(Reporter.java:81)
at com.framework.utils.Reporter.reportStep(Reporter.java:107)
at com.framework.selenium.api.base.SeleniumBase.takeSnap(SeleniumBase.java:910)
at com.framework.utils.Reporter.reportStep(Reporter.java:81)
at com.framework.utils.Reporter.reportStep(Reporter.java:107)
at com.framework.selenium.api.base.SeleniumBase.takeSnap(SeleniumBase.java:910)
at com.framework.utils.Reporter.reportStep(Reporter.java:81)
at com.framework.utils.Reporter.reportStep(Reporter.java:107)
[...]
at com.framework.utils.Reporter.reportStep(Reporter.java:81)
at com.framework.utils.Reporter.reportStep(Reporter.java:107)
at com.framework.selenium.api.base.SeleniumBase.takeSnap(SeleniumBase.java:910)
at com.framework.utils.Reporter.reportStep(Reporter.java:81)
at com.framework.utils.Reporter.reportStep(Reporter.java:107)
at com.framework.selenium.api.base.SeleniumBase.takeSnap(SeleniumBase.java:910)
at com.framework.utils.Reporter.reportStep(Reporter.java:81)
at com.framework.utils.Reporter.reportStep(Reporter.java:107)
at com.framework.selenium.api.base.SeleniumBase.takeSnap(SeleniumBase.java:910)
at com.framework.utils.Reporter.reportStep(Reporter.java:81)
at com.framework.utils.Reporter.reportStep(Reporter.java:107)
at com.framework.selenium.api.base.SeleniumBase.takeSnap(SeleniumBase.java:910)
at com.framework.utils.Reporter.reportStep(Reporter.java:81)
at com.framework.utils.Reporter.reportStep(Reporter.java:107)
at com.framework.selenium.api.base.SeleniumBase.takeSnap(SeleniumBase.java:910)
at com.framework.utils.Reporter.reportStep(Reporter.java:81)
at com.framework.utils.Reporter.reportStep(Reporter.java:107)
at com.framework.selenium.api.base.SeleniumBase.takeSnap(SeleniumBase.java:910)
at com.framework.utils.Reporter.reportStep(Reporter.java:81)
at com.framework.utils.Reporter.reportStep(Reporter.java:107)
at com.framework.selenium.api.base.SeleniumBase.takeSnap(SeleniumBase.java:910)
at com.framework.utils.Reporter.reportStep(Reporter.java:81)
at com.framework.utils.Reporter.reportStep(Reporter.java:107)
at com.framework.selenium.api.base.SeleniumBase.takeSnap(SeleniumBase.java:910)
at com.framework.utils.Reporter.reportStep(Reporter.java:81)
at com.framework.utils.Reporter.reportStep(Reporter.java:107)
at com.framework.selenium.api.base.SeleniumBase.takeSnap(SeleniumBase.java:910)
at com.framework.utils.Reporter.reportStep(Reporter.java:81)
at com.framework.utils.Reporter.reportStep(Reporter.java:107)
at com.framework.selenium.api.base.SeleniumBase.takeSnap(SeleniumBase.java:910)
at com.framework.utils.Reporter.reportStep(Reporter.java:81)
at com.framework.utils.Reporter.reportStep(Reporter.java:107)
at com.framework.selenium.api.base.SeleniumBase.takeSnap(SeleniumBase.java:910)
at com.framework.utils.Reporter.reportStep(Reporter.java:81)
at com.framework.utils.Reporter.reportStep(Reporter.java:107)
at com.framework.selenium.api.base.SeleniumBase.takeSnap(SeleniumBase.java:910)
at com.framework.utils.Reporter.reportStep(Reporter.java:81)
at com.framework.utils.Reporter.reportStep(Reporter.java:107)
at com.framework.selenium.api.base.SeleniumBase.takeSnap(SeleniumBase.java:910)
at com.framework.utils.Reporter.reportStep(Reporter.java:81)
at com.framework.utils.Reporter.reportStep(Reporter.java:107)
at com.framework.selenium.api.base.SeleniumBase.takeSnap(SeleniumBase.java:910)
at com.framework.utils.Reporter.reportStep(Reporter.java:81)
at com.framework.utils.Reporter.reportStep(Reporter.java:107)
at com.framework.selenium.api.base.SeleniumBase.takeSnap(SeleniumBase.java:910)
at com.framework.utils.Reporter.reportStep(Reporter.java:81)
at com.framework.utils.Reporter.reportStep(Reporter.java:107)
at com.framework.selenium.api.base.SeleniumBase.takeSnap(SeleniumBase.java:910)
at com.framework.utils.Reporter.reportStep(Reporter.java:81)
at com.framework.utils.Reporter.reportStep(Reporter.java:107)
at com.framework.selenium.api.base.SeleniumBase.takeSnap(SeleniumBase.java:910)
at com.framework.utils.Reporter.reportStep(Reporter.java:81)
at com.framework.utils.Reporter.reportStep(Reporter.java:107)
at com.framework.selenium.api.base.SeleniumBase.takeSnap(SeleniumBase.java:910)
at com.framework.utils.Reporter.reportStep(Reporter.java:81)
at com.framework.utils.Reporter.reportStep(Reporter.java:107)
at com.framework.selenium.api.base.SeleniumBase.takeSnap(SeleniumBase.java:910)
at com.framework.utils.Reporter.reportStep(Reporter.java:81)
at com.framework.utils.Reporter.reportStep(Reporter.java:107)
at com.framework.selenium.api.base.SeleniumBase.takeSnap(SeleniumBase.java:910)
at com.framework.utils.Reporter.reportStep(Reporter.java:81)
at com.framework.utils.Reporter.reportStep(Reporter.java:107)
at com.framework.selenium.api.base.SeleniumBase.takeSnap(SeleniumBase.java:910)
at com.framework.utils.Reporter.reportStep(Reporter.java:81)
at com.framework.utils.Reporter.reportStep(Reporter.java:107)
at com.framework.selenium.api.base.SeleniumBase.takeSnap(SeleniumBase.java:910)
at com.framework.utils.Reporter.reportStep(Reporter.java:81)
at com.framework.utils.Reporter.reportStep(Reporter.java:107)
at com.framework.selenium.api.base.SeleniumBase.takeSnap(SeleniumBase.java:910)
at com.framework.utils.Reporter.reportStep(Reporter.java:81)
at com.framework.utils.Reporter.reportStep(Reporter.java:107)
at com.framework.selenium.api.base.SeleniumBase.takeSnap(SeleniumBase.java:910)
at com.framework.utils.Reporter.reportStep(Reporter.java:81)
at com.framework.utils.Reporter.reportStep(Reporter.java:107)
at com.framework.selenium.api.base.SeleniumBase.takeSnap(SeleniumBase.java:910)
at com.framework.utils.Reporter.reportStep(Reporter.java:81)
at com.framework.utils.Reporter.reportStep(Reporter.java:107)
at com.framework.selenium.api.base.SeleniumBase.takeSnap(SeleniumBase.java:910)
at com.framework.utils.Reporter.reportStep(Reporter.java:81)
at com.framework.utils.Reporter.reportStep(Reporter.java:107)
at com.framework.selenium.api.base.SeleniumBase.takeSnap(SeleniumBase.java:910)
at com.framework.utils.Reporter.reportStep(Reporter.java:81)
at com.framework.utils.Reporter.reportStep(Reporter.java:107)
at com.framework.selenium.api.base.SeleniumBase.takeSnap(SeleniumBase.java:910)
at com.framework.utils.Reporter.reportStep(Reporter.java:81)
at com.framework.utils.Reporter.reportStep(Reporter.java:107)
at com.framework.selenium.api.base.SeleniumBase.takeSnap(SeleniumBase.java:910)
at com.framework.utils.Reporter.reportStep(Reporter.java:81)
at com.framework.utils.Reporter.reportStep(Reporter.java:107)
at com.framework.selenium.api.base.SeleniumBase.takeSnap(SeleniumBase.java:910)
at com.framework.utils.Reporter.reportStep(Reporter.java:81)
at com.framework.utils.Reporter.reportStep(Reporter.java:107)
at com.framework.selenium.api.base.SeleniumBase.takeSnap(SeleniumBase.java:910)
at com.framework.utils.Reporter.reportStep(Reporter.java:81)
at com.framework.utils.Reporter.reportStep(Reporter.java:107)
at com.framework.selenium.api.base.SeleniumBase.takeSnap(SeleniumBase.java:910)
at com.framework.utils.Reporter.reportStep(Reporter.java:81)
at com.framework.utils.Reporter.reportStep(Reporter.java:107)
at com.framework.selenium.api.base.SeleniumBase.takeSnap(SeleniumBase.java:910)
at com.framework.utils.Reporter.reportStep(Reporter.java:81)
at com.framework.utils.Reporter.reportStep(Reporter.java:107)
at com.framework.selenium.api.base.SeleniumBase.takeSnap(SeleniumBase.java:910)
at com.framework.utils.Reporter.reportStep(Reporter.java:81)
at com.framework.utils.Reporter.reportStep(Reporter.java:107)
at com.framework.selenium.api.base.SeleniumBase.takeSnap(SeleniumBase.java:910)
at com.framework.utils.Reporter.reportStep(Reporter.java:81)
at com.framework.utils.Reporter.reportStep(Reporter.java:107)
at com.framework.selenium.api.base.SeleniumBase.takeSnap(SeleniumBase.java:910)
at com.framework.utils.Reporter.reportStep(Reporter.java:81)
at com.framework.utils.Reporter.reportStep(Reporter.java:107)
at com.framework.selenium.api.base.SeleniumBase.takeSnap(SeleniumBase.java:910)
at com.framework.utils.Reporter.reportStep(Reporter.java:81)
at com.framework.utils.Reporter.reportStep(Reporter.java:107)
at com.framework.selenium.api.base.SeleniumBase.takeSnap(SeleniumBase.java:910)
at com.framework.utils.Reporter.reportStep(Reporter.java:81)
at com.framework.utils.Reporter.reportStep(Reporter.java:107)
at com.framework.selenium.api.base.SeleniumBase.takeSnap(SeleniumBase.java:910)
at com.framework.utils.Reporter.reportStep(Reporter.java:81)
at com.framework.utils.Reporter.reportStep(Reporter.java:107)
at com.framework.selenium.api.base.SeleniumBase.takeSnap(SeleniumBase.java:910)
at com.framework.utils.Reporter.reportStep(Reporter.java:81)
at com.framework.utils.Reporter.reportStep(Reporter.java:107)
at com.framework.selenium.api.base.SeleniumBase.takeSnap(SeleniumBase.java:910)
at com.framework.utils.Reporter.reportStep(Reporter.java:81)
at com.framework.utils.Reporter.reportStep(Reporter.java:107)
at com.framework.selenium.api.base.SeleniumBase.takeSnap(SeleniumBase.java:910)
at com.framework.utils.Reporter.reportStep(Reporter.java:81)
at com.framework.utils.Reporter.reportStep(Reporter.java:107)
at com.framework.selenium.api.base.SeleniumBase.takeSnap(SeleniumBase.java:910)
at com.framework.utils.Reporter.reportStep(Reporter.java:81)
at com.framework.utils.Reporter.reportStep(Reporter.java:107)
at com.framework.selenium.api.base.SeleniumBase.takeSnap(SeleniumBase.java:910)
at com.framework.utils.Reporter.reportStep(Reporter.java:81)
at com.framework.utils.Reporter.reportStep(Reporter.java:107)
at com.framework.selenium.api.base.SeleniumBase.takeSnap(SeleniumBase.java:910)
at com.framework.utils.Reporter.reportStep(Reporter.java:81)
at com.framework.utils.Reporter.reportStep(Reporter.java:107)
at com.framework.selenium.api.base.SeleniumBase.takeSnap(SeleniumBase.java:910)
at com.framework.utils.Reporter.reportStep(Reporter.java:81)
at com.framework.utils.Reporter.reportStep(Reporter.java:107)
at com.framework.selenium.api.base.SeleniumBase.takeSnap(SeleniumBase.java:910)
at com.framework.utils.Reporter.reportStep(Reporter.java:81)
at com.framework.utils.Reporter.reportStep(Reporter.java:107)
at com.framework.selenium.api.base.SeleniumBase.takeSnap(SeleniumBase.java:910)
at com.framework.utils.Reporter.reportStep(Reporter.java:81)
at com.framework.utils.Reporter.reportStep(Reporter.java:107)
at com.framework.selenium.api.base.SeleniumBase.takeSnap(SeleniumBase.java:910)
at com.framework.utils.Reporter.reportStep(Reporter.java:81)
at com.framework.utils.Reporter.reportStep(Reporter.java:107)
at com.framework.selenium.api.base.SeleniumBase.takeSnap(SeleniumBase.java:910)
at com.framework.utils.Reporter.reportStep(Reporter.java:81)
at com.framework.utils.Reporter.reportStep(Reporter.java:107)
at com.framework.selenium.api.base.SeleniumBase.takeSnap(SeleniumBase.java:910)
at com.framework.utils.Reporter.reportStep(Reporter.java:81)
at com.framework.utils.Reporter.reportStep(Reporter.java:107)
at com.framework.selenium.api.base.SeleniumBase.takeSnap(SeleniumBase.java:910)
at com.framework.utils.Reporter.reportStep(Reporter.java:81)
at com.framework.utils.Reporter.reportStep(Reporter.java:107)
at com.framework.selenium.api.base.SeleniumBase.takeSnap(SeleniumBase.java:910)
at com.framework.utils.Reporter.reportStep(Reporter.java:81)
at com.framework.utils.Reporter.reportStep(Reporter.java:107)
at com.framework.selenium.api.base.SeleniumBase.takeSnap(SeleniumBase.java:910)
at com.framework.utils.Reporter.reportStep(Reporter.java:81)
at com.framework.utils.Reporter.reportStep(Reporter.java:107)
at com.framework.selenium.api.base.SeleniumBase.takeSnap(SeleniumBase.java:910)
at com.framework.utils.Reporter.reportStep(Reporter.java:81)
at com.framework.utils.Reporter.reportStep(Reporter.java:107)
at com.framework.selenium.api.base.SeleniumBase.takeSnap(SeleniumBase.java:910)
at com.framework.utils.Reporter.reportStep(Reporter.java:81)
at com.framework.utils.Reporter.reportStep(Reporter.java:107)
at com.framework.selenium.api.base.SeleniumBase.takeSnap(SeleniumBase.java:910)
at com.framework.utils.Reporter.reportStep(Reporter.java:81)
at com.framework.utils.Reporter.reportStep(Reporter.java:107)
at com.framework.selenium.api.base.SeleniumBase.takeSnap(SeleniumBase.java:910)
at com.framework.utils.Reporter.reportStep(Reporter.java:81)
at com.framework.utils.Reporter.reportStep(Reporter.java:107)
at com.framework.selenium.api.base.SeleniumBase.takeSnap(SeleniumBase.java:910)
at com.framework.utils.Reporter.reportStep(Reporter.java:81)
at com.framework.utils.Reporter.reportStep(Reporter.java:107)
at com.framework.selenium.api.base.SeleniumBase.takeSnap(SeleniumBase.java:910)
at com.framework.utils.Reporter.reportStep(Reporter.java:81)
at com.framework.utils.Reporter.reportStep(Reporter.java:107)
at com.framework.selenium.api.base.SeleniumBase.takeSnap(SeleniumBase.java:910)
at com.framework.utils.Reporter.reportStep(Reporter.java:81)
at com.framework.utils.Reporter.reportStep(Reporter.java:107)
at com.framework.selenium.api.base.SeleniumBase.takeSnap(SeleniumBase.java:910)
at com.framework.utils.Reporter.reportStep(Reporter.java:81)
at com.framework.utils.Reporter.reportStep(Reporter.java:107)
at com.framework.selenium.api.base.SeleniumBase.takeSnap(SeleniumBase.java:910)
at com.framework.utils.Reporter.reportStep(Reporter.java:81)
at com.framework.utils.Reporter.reportStep(Reporter.java:107)
at com.framework.selenium.api.base.SeleniumBase.takeSnap(SeleniumBase.java:910)
at com.framework.utils.Reporter.reportStep(Reporter.java:81)
at com.framework.utils.Reporter.reportStep(Reporter.java:107)
at com.framework.selenium.api.base.SeleniumBase.takeSnap(SeleniumBase.java:910)
at com.framework.utils.Reporter.reportStep(Reporter.java:81)
at com.framework.utils.Reporter.reportStep(Reporter.java:107)
at com.framework.selenium.api.base.SeleniumBase.takeSnap(SeleniumBase.java:910)
at com.framework.utils.Reporter.reportStep(Reporter.java:81)
at com.framework.utils.Reporter.reportStep(Reporter.java:107)
at com.framework.selenium.api.base.SeleniumBase.takeSnap(SeleniumBase.java:910)
at com.framework.utils.Reporter.reportStep(Reporter.java:81)
at com.framework.utils.Reporter.reportStep(Reporter.java:107)
at com.framework.selenium.api.base.SeleniumBase.takeSnap(SeleniumBase.java:910)
at com.framework.utils.Reporter.reportStep(Reporter.java:81)
at com.framework.utils.Reporter.reportStep(Reporter.java:107)
at com.framework.selenium.api.base.SeleniumBase.takeSnap(SeleniumBase.java:910)
at com.framework.utils.Reporter.reportStep(Reporter.java:81)
at com.framework.utils.Reporter.reportStep(Reporter.java:107)
at com.framework.selenium.api.base.SeleniumBase.takeSnap(SeleniumBase.java:910)
at com.framework.utils.Reporter.reportStep(Reporter.java:81)
at com.framework.utils.Reporter.reportStep(Reporter.java:107)
at com.framework.selenium.api.base.SeleniumBase.takeSnap(SeleniumBase.java:910)
at com.framework.utils.Reporter.reportStep(Reporter.java:81)
at com.framework.utils.Reporter.reportStep(Reporter.java:107)
at com.framework.selenium.api.base.SeleniumBase.takeSnap(SeleniumBase.java:910)
at com.framework.utils.Reporter.reportStep(Reporter.java:81)
at com.framework.utils.Reporter.reportStep(Reporter.java:107)
at com.framework.selenium.api.base.SeleniumBase.takeSnap(SeleniumBase.java:910)
at com.framework.utils.Reporter.reportStep(Reporter.java:81)
at com.framework.utils.Reporter.reportStep(Reporter.java:107)
at com.framework.selenium.api.base.SeleniumBase.takeSnap(SeleniumBase.java:910)
at com.framework.utils.Reporter.reportStep(Reporter.java:81)
at com.framework.utils.Reporter.reportStep(Reporter.java:107)
at com.framework.selenium.api.base.SeleniumBase.takeSnap(SeleniumBase.java:910)
at com.framework.utils.Reporter.reportStep(Reporter.java:81)
at com.framework.utils.Reporter.reportStep(Reporter.java:107)
at com.framework.selenium.api.base.SeleniumBase.takeSnap(SeleniumBase.java:910)
at com.framework.utils.Reporter.reportStep(Reporter.java:81)
at com.framework.utils.Reporter.reportStep(Reporter.java:107)
at com.framework.selenium.api.base.SeleniumBase.takeSnap(SeleniumBase.java:910)
at com.framework.utils.Reporter.reportStep(Reporter.java:81)
at com.framework.utils.Reporter.reportStep(Reporter.java:107)
at com.framework.selenium.api.base.SeleniumBase.takeSnap(SeleniumBase.java:910)
at com.framework.utils.Reporter.reportStep(Reporter.java:81)
at com.framework.utils.Reporter.reportStep(Reporter.java:107)
at com.framework.selenium.api.base.SeleniumBase.takeSnap(SeleniumBase.java:910)
at com.framework.utils.Reporter.reportStep(Reporter.java:81)
at com.framework.utils.Reporter.reportStep(Reporter.java:107)
at com.framework.selenium.api.base.SeleniumBase.takeSnap(SeleniumBase.java:910)
at com.framework.utils.Reporter.reportStep(Reporter.java:81)
at com.framework.utils.Reporter.reportStep(Reporter.java:107)
at com.framework.selenium.api.base.SeleniumBase.takeSnap(SeleniumBase.java:910)
at com.framework.utils.Reporter.reportStep(Reporter.java:81)
at com.framework.utils.Reporter.reportStep(Reporter.java:107)
at com.framework.selenium.api.base.SeleniumBase.takeSnap(SeleniumBase.java:910)
at com.framework.utils.Reporter.reportStep(Reporter.java:81)
at com.framework.utils.Reporter.reportStep(Reporter.java:107)
at com.framework.selenium.api.base.SeleniumBase.takeSnap(SeleniumBase.java:910)
at com.framework.utils.Reporter.reportStep(Reporter.java:81)
at com.framework.utils.Reporter.reportStep(Reporter.java:107)
at com.framework.selenium.api.base.SeleniumBase.takeSnap(SeleniumBase.java:910)
at com.framework.utils.Reporter.reportStep(Reporter.java:81)
at com.framework.utils.Reporter.reportStep(Reporter.java:107)
at com.framework.selenium.api.base.SeleniumBase.takeSnap(SeleniumBase.java:910)
at com.framework.utils.Reporter.reportStep(Reporter.java:81)
at com.framework.utils.Reporter.reportStep(Reporter.java:107)
at com.framework.selenium.api.base.SeleniumBase.takeSnap(SeleniumBase.java:910)
at com.framework.utils.Reporter.reportStep(Reporter.java:81)
at com.framework.utils.Reporter.reportStep(Reporter.java:107)
at com.framework.selenium.api.base.SeleniumBase.takeSnap(SeleniumBase.java:910)
at com.framework.utils.Reporter.reportStep(Reporter.java:81)
at com.framework.utils.Reporter.reportStep(Reporter.java:107)
at com.framework.selenium.api.base.SeleniumBase.takeSnap(SeleniumBase.java:910)
at com.framework.utils.Reporter.reportStep(Reporter.java:81)
at com.framework.utils.Reporter.reportStep(Reporter.java:107)
at com.framework.selenium.api.base.SeleniumBase.takeSnap(SeleniumBase.java:910)
at com.framework.utils.Reporter.reportStep(Reporter.java:81)
at com.framework.utils.Reporter.reportStep(Reporter.java:107)
at com.framework.selenium.api.base.SeleniumBase.takeSnap(SeleniumBase.java:910)
at com.framework.utils.Reporter.reportStep(Reporter.java:81)
at com.framework.utils.Reporter.reportStep(Reporter.java:107)
at com.framework.selenium.api.base.SeleniumBase.takeSnap(SeleniumBase.java:910)
at com.framework.utils.Reporter.reportStep(Reporter.java:81)
]]>
            </full-stacktrace>
          </exception> <!-- java.lang.StackOverflowError -->
          <reporter-output>
          </reporter-output>
        </test-method> <!-- searchEnabledUsers -->
        <test-method is-config="true" signature="postCondition()[pri:0, instance:com.orangehrm.testcases.SearchUser@4b8d604b]" started-at="2025-04-24T18:55:51 IST" name="postCondition" finished-at="1970-01-01T05:30:00 IST" duration-ms="-1745501151100" status="SKIP">
          <reporter-output>
          </reporter-output>
        </test-method> <!-- postCondition -->
        <test-method is-config="true" signature="tearDownClass()[pri:0, instance:com.orangehrm.testcases.SearchUser@4b8d604b]" started-at="2025-04-24T18:55:51 IST" name="tearDownClass" finished-at="2025-04-24T18:55:51 IST" duration-ms="3" status="PASS">
          <reporter-output>
          </reporter-output>
        </test-method> <!-- tearDownClass -->
        <test-method is-config="true" signature="endResult()[pri:0, instance:com.orangehrm.testcases.SearchUser@4b8d604b]" started-at="2025-04-24T18:55:51 IST" name="endResult" finished-at="2025-04-24T18:55:51 IST" duration-ms="311" status="PASS">
          <reporter-output>
          </reporter-output>
        </test-method> <!-- endResult -->
      </class> <!-- com.orangehrm.testcases.SearchUser -->
    </test> <!-- ParallelTests -->
  </suite> <!-- Suite -->
</testng-results>
