<?xml version="1.0" encoding="UTF-8"?>
<testng-results ignored="3" total="7" passed="4" failed="0" skipped="0">
  <reporter-output>
  </reporter-output>
  <suite started-at="2025-04-22T22:28:32 IST" name="Suite" finished-at="2025-04-22T22:29:36 IST" duration-ms="64415">
    <groups>
      <group name="cucumber">
        <method signature="AbstractTestNGCucumberTests.runScenario(io.cucumber.testng.PickleWrapper,io.cucumber.testng.FeatureWrapper)[pri:0, instance:com.orangehrm.testcases.SearchUser@4b8d604b]" name="runScenario" class="io.cucumber.testng.AbstractTestNGCucumberTests"/>
        <method signature="AbstractTestNGCucumberTests.runScenario(io.cucumber.testng.PickleWrapper,io.cucumber.testng.FeatureWrapper)[pri:0, instance:com.orangehrm.testcases.TC001_SelectUser@1c742ed4]" name="runScenario" class="io.cucumber.testng.AbstractTestNGCucumberTests"/>
      </group> <!-- cucumber -->
    </groups>
    <test started-at="2025-04-22T22:28:32 IST" name="ParallelTests" finished-at="2025-04-22T22:29:36 IST" duration-ms="64415">
      <class name="com.orangehrm.testcases.TC001_SelectUser">
        <test-method is-config="true" signature="setValues()[pri:0, instance:com.orangehrm.testcases.TC001_SelectUser@1c742ed4]" started-at="2025-04-22T22:28:32 IST" name="setValues" finished-at="2025-04-22T22:28:32 IST" duration-ms="0" status="PASS">
          <reporter-output>
          </reporter-output>
        </test-method> <!-- setValues -->
        <test-method is-config="true" signature="setUpClass(org.testng.ITestContext)[pri:0, instance:com.orangehrm.testcases.TC001_SelectUser@1c742ed4]" started-at="2025-04-22T22:28:32 IST" name="setUpClass" finished-at="2025-04-22T22:28:32 IST" duration-ms="190" status="PASS">
          <params>
            <param index="0">
              <value>
                <![CDATA[org.testng.TestRunner@773cbf4f]]>
              </value>
            </param>
          </params>
          <reporter-output>
          </reporter-output>
        </test-method> <!-- setUpClass -->
        <test-method is-config="true" signature="startTestCase()[pri:0, instance:com.orangehrm.testcases.TC001_SelectUser@1c742ed4]" started-at="2025-04-22T22:28:32 IST" name="startTestCase" finished-at="2025-04-22T22:28:32 IST" duration-ms="5" status="PASS">
          <reporter-output>
          </reporter-output>
        </test-method> <!-- startTestCase -->
        <test-method is-config="true" signature="preCondition()[pri:0, instance:com.orangehrm.testcases.TC001_SelectUser@1c742ed4]" started-at="2025-04-22T22:28:32 IST" name="preCondition" finished-at="2025-04-22T22:28:50 IST" duration-ms="17911" status="PASS">
          <reporter-output>
          </reporter-output>
        </test-method> <!-- preCondition -->
        <test-method signature="selectUser()[pri:0, instance:com.orangehrm.testcases.TC001_SelectUser@1c742ed4]" started-at="2025-04-22T22:28:50 IST" name="selectUser" finished-at="2025-04-22T22:28:59 IST" duration-ms="9713" status="PASS">
          <reporter-output>
          </reporter-output>
        </test-method> <!-- selectUser -->
        <test-method is-config="true" signature="postCondition()[pri:0, instance:com.orangehrm.testcases.TC001_SelectUser@1c742ed4]" started-at="2025-04-22T22:28:59 IST" name="postCondition" finished-at="2025-04-22T22:29:00 IST" duration-ms="169" status="PASS">
          <reporter-output>
          </reporter-output>
        </test-method> <!-- postCondition -->
        <test-method is-config="true" signature="tearDownClass()[pri:0, instance:com.orangehrm.testcases.TC001_SelectUser@1c742ed4]" started-at="2025-04-22T22:29:00 IST" name="tearDownClass" finished-at="2025-04-22T22:29:00 IST" duration-ms="26" status="PASS">
          <reporter-output>
          </reporter-output>
        </test-method> <!-- tearDownClass -->
      </class> <!-- com.orangehrm.testcases.TC001_SelectUser -->
      <class name="com.orangehrm.testcases.SearchUser">
        <test-method is-config="true" signature="startReport()[pri:0, instance:com.orangehrm.testcases.SearchUser@4b8d604b]" started-at="2025-04-22T22:28:31 IST" name="startReport" finished-at="2025-04-22T22:28:32 IST" duration-ms="199" status="PASS">
          <reporter-output>
          </reporter-output>
        </test-method> <!-- startReport -->
        <test-method is-config="true" signature="getConfigProperties()[pri:0, instance:com.orangehrm.testcases.SearchUser@4b8d604b]" started-at="2025-04-22T22:28:32 IST" name="getConfigProperties" finished-at="2025-04-22T22:28:32 IST" depends-on-methods="com.framework.utils.Reporter.startReport" duration-ms="1" status="PASS">
          <reporter-output>
          </reporter-output>
        </test-method> <!-- getConfigProperties -->
        <test-method is-config="true" signature="setValues()[pri:0, instance:com.orangehrm.testcases.SearchUser@4b8d604b]" started-at="2025-04-22T22:28:32 IST" name="setValues" finished-at="2025-04-22T22:28:32 IST" duration-ms="0" status="PASS">
          <reporter-output>
          </reporter-output>
        </test-method> <!-- setValues -->
        <test-method is-config="true" signature="setUpClass(org.testng.ITestContext)[pri:0, instance:com.orangehrm.testcases.SearchUser@4b8d604b]" started-at="2025-04-22T22:28:32 IST" name="setUpClass" finished-at="2025-04-22T22:28:32 IST" duration-ms="190" status="PASS">
          <params>
            <param index="0">
              <value>
                <![CDATA[org.testng.TestRunner@773cbf4f]]>
              </value>
            </param>
          </params>
          <reporter-output>
          </reporter-output>
        </test-method> <!-- setUpClass -->
        <test-method is-config="true" signature="startTestCase()[pri:0, instance:com.orangehrm.testcases.SearchUser@4b8d604b]" started-at="2025-04-22T22:28:32 IST" name="startTestCase" finished-at="2025-04-22T22:28:32 IST" duration-ms="5" status="PASS">
          <reporter-output>
          </reporter-output>
        </test-method> <!-- startTestCase -->
        <test-method is-config="true" signature="preCondition()[pri:0, instance:com.orangehrm.testcases.SearchUser@4b8d604b]" started-at="2025-04-22T22:28:32 IST" name="preCondition" finished-at="2025-04-22T22:28:50 IST" duration-ms="17917" status="PASS">
          <reporter-output>
          </reporter-output>
        </test-method> <!-- preCondition -->
        <test-method signature="searchUser()[pri:1, instance:com.orangehrm.testcases.SearchUser@4b8d604b]" started-at="2025-04-22T22:28:50 IST" name="searchUser" finished-at="2025-04-22T22:28:59 IST" duration-ms="8894" status="PASS">
          <reporter-output>
          </reporter-output>
        </test-method> <!-- searchUser -->
        <test-method is-config="true" signature="postCondition()[pri:0, instance:com.orangehrm.testcases.SearchUser@4b8d604b]" started-at="2025-04-22T22:28:59 IST" name="postCondition" finished-at="2025-04-22T22:28:59 IST" duration-ms="342" status="PASS">
          <reporter-output>
          </reporter-output>
        </test-method> <!-- postCondition -->
        <test-method is-config="true" signature="preCondition()[pri:0, instance:com.orangehrm.testcases.SearchUser@4b8d604b]" started-at="2025-04-22T22:28:59 IST" name="preCondition" finished-at="2025-04-22T22:29:11 IST" duration-ms="11887" status="PASS">
          <reporter-output>
          </reporter-output>
        </test-method> <!-- preCondition -->
        <test-method signature="searchUserRole()[pri:2, instance:com.orangehrm.testcases.SearchUser@4b8d604b]" started-at="2025-04-22T22:29:11 IST" name="searchUserRole" finished-at="2025-04-22T22:29:19 IST" duration-ms="8448" status="PASS">
          <reporter-output>
          </reporter-output>
        </test-method> <!-- searchUserRole -->
        <test-method is-config="true" signature="postCondition()[pri:0, instance:com.orangehrm.testcases.SearchUser@4b8d604b]" started-at="2025-04-22T22:29:19 IST" name="postCondition" finished-at="2025-04-22T22:29:19 IST" duration-ms="132" status="PASS">
          <reporter-output>
          </reporter-output>
        </test-method> <!-- postCondition -->
        <test-method is-config="true" signature="preCondition()[pri:0, instance:com.orangehrm.testcases.SearchUser@4b8d604b]" started-at="2025-04-22T22:29:19 IST" name="preCondition" finished-at="2025-04-22T22:29:28 IST" duration-ms="8073" status="PASS">
          <reporter-output>
          </reporter-output>
        </test-method> <!-- preCondition -->
        <test-method signature="searchEnabledUsers()[pri:3, instance:com.orangehrm.testcases.SearchUser@4b8d604b]" started-at="2025-04-22T22:29:28 IST" name="searchEnabledUsers" finished-at="2025-04-22T22:29:36 IST" duration-ms="8395" status="PASS">
          <reporter-output>
          </reporter-output>
        </test-method> <!-- searchEnabledUsers -->
        <test-method is-config="true" signature="postCondition()[pri:0, instance:com.orangehrm.testcases.SearchUser@4b8d604b]" started-at="2025-04-22T22:29:36 IST" name="postCondition" finished-at="2025-04-22T22:29:36 IST" duration-ms="88" status="PASS">
          <reporter-output>
          </reporter-output>
        </test-method> <!-- postCondition -->
        <test-method is-config="true" signature="tearDownClass()[pri:0, instance:com.orangehrm.testcases.SearchUser@4b8d604b]" started-at="2025-04-22T22:29:36 IST" name="tearDownClass" finished-at="2025-04-22T22:29:36 IST" duration-ms="2" status="PASS">
          <reporter-output>
          </reporter-output>
        </test-method> <!-- tearDownClass -->
        <test-method is-config="true" signature="endResult()[pri:0, instance:com.orangehrm.testcases.SearchUser@4b8d604b]" started-at="2025-04-22T22:29:36 IST" name="endResult" finished-at="2025-04-22T22:29:36 IST" duration-ms="353" status="PASS">
          <reporter-output>
          </reporter-output>
        </test-method> <!-- endResult -->
      </class> <!-- com.orangehrm.testcases.SearchUser -->
    </test> <!-- ParallelTests -->
  </suite> <!-- Suite -->
</testng-results>
