<?xml version="1.0" encoding="UTF-8"?>
<!-- Generated by org.testng.reporters.JUnitXMLReporter -->
<testsuite ignored="0" hostname="kavinesh" failures="0" tests="3" name="Chrome" time="47.766" errors="0" timestamp="2025-04-22T11:36:55 IST">
  <testcase classname="com.orangehrm.testcases.SearchUser" name="searchUser" time="8.615"/>
  <testcase classname="com.orangehrm.testcases.SearchUser" name="searchUserRole" time="7.582"/>
  <testcase classname="com.orangehrm.testcases.SearchUser" name="searchEnabledUsers" time="8.01"/>
</testsuite> <!-- Chrome -->
