<?xml version="1.0" encoding="UTF-8"?>
<!-- Generated by org.testng.reporters.JUnitXMLReporter -->
<testsuite ignored="3" hostname="kavinesh" failures="0" tests="4" name="ParallelTests" time="64.415" errors="0" timestamp="2025-04-22T22:29:36 IST">
  <testcase classname="com.orangehrm.testcases.SearchUser" name="searchUser" time="8.894"/>
  <testcase classname="com.orangehrm.testcases.TC001_SelectUser" name="selectUser" time="9.713"/>
  <testcase classname="com.orangehrm.testcases.SearchUser" name="searchUserRole" time="8.448"/>
  <testcase classname="com.orangehrm.testcases.SearchUser" name="searchEnabledUsers" time="8.395"/>
  <testcase classname="com.framework.utils.Reporter" name="@BeforeSuite startReport" time="0.0">
    <ignored/>
  </testcase> <!-- @BeforeSuite startReport -->
  <testcase classname="com.framework.testng.api.base.ProjectSpecificMethods" name="@BeforeSuite getConfigProperties" time="0.0">
    <ignored/>
  </testcase> <!-- @BeforeSuite getConfigProperties -->
  <testcase classname="com.framework.utils.Reporter" name="@AfterSuite endResult" time="0.0">
    <ignored/>
  </testcase> <!-- @AfterSuite endResult -->
</testsuite> <!-- ParallelTests -->
